[INFO][2017-01-05 16:25|:23][org.springframework.test.context.support.DefaultTestContextBootstrapper]Loaded default TestExecutionListener class names from location [META-INF/spring.factories]: [org.springframework.test.context.web.ServletTestExecutionListener, org.springframework.test.context.support.DirtiesContextBeforeModesTestExecutionListener, org.springframework.test.context.support.DependencyInjectionTestExecutionListener, org.springframework.test.context.support.DirtiesContextTestExecutionListener, org.springframework.test.context.transaction.TransactionalTestExecutionListener, org.springframework.test.context.jdbc.SqlScriptsTestExecutionListener]
[INFO][2017-01-05 16:25|:23][org.springframework.test.context.support.DefaultTestContextBootstrapper]Using TestExecutionListeners: [org.springframework.test.context.web.ServletTestExecutionListener@31059033, org.springframework.test.context.support.DirtiesContextBeforeModesTestExecutionListener@643e1d69, org.springframework.test.context.support.DependencyInjectionTestExecutionListener@29fd0be9, org.springframework.test.context.support.DirtiesContextTestExecutionListener@24190388, org.springframework.test.context.transaction.TransactionalTestExecutionListener@6636e83b, org.springframework.test.context.jdbc.SqlScriptsTestExecutionListener@1ec8adea]
[INFO][2017-01-05 16:25|:24][org.springframework.beans.factory.xml.XmlBeanDefinitionReader]Loading XML bean definitions from class path resource [spring-mybatis.xml]
[INFO][2017-01-05 16:25|:24][org.springframework.context.support.GenericApplicationContext]Refreshing org.springframework.context.support.GenericApplicationContext@29ee9771: startup date [Thu Jan 05 16:25:24 CST 2017]; root of context hierarchy
[INFO][2017-01-05 16:25|:25][org.springframework.beans.factory.config.PropertyPlaceholderConfigurer]Loading properties file from URL [file:/F:/Workspaces/blog%20Maven%20Webapp/target/classes/jdbc.properties]
[INFO][2017-01-05 16:25|:25][org.springframework.beans.factory.annotation.AutowiredAnnotationBeanPostProcessor]JSR-330 'javax.inject.Inject' annotation found and supported for autowiring
[ERROR][2017-01-05 16:25|:25][com.alibaba.druid.pool.DruidAbstractDataSource]maxIdle is deprecated
[ERROR][2017-01-05 16:25|:27][com.alibaba.druid.pool.DruidDataSource]testWhileIdle is true, validationQuery not set
[INFO][2017-01-05 16:25|:27][com.alibaba.druid.pool.DruidDataSource]{dataSource-1} inited
[INFO][2017-01-05 16:25|:27][net.cxp.test.TestMyBatis][net.cxp.blog.entity.Blog@4e2b7076, net.cxp.blog.entity.Blog@5e47b12]
[INFO][2017-01-05 16:25|:27][org.springframework.context.support.GenericApplicationContext]Closing org.springframework.context.support.GenericApplicationContext@29ee9771: startup date [Thu Jan 05 16:25:24 CST 2017]; root of context hierarchy
[INFO][2017-01-05 16:25|:27][com.alibaba.druid.pool.DruidDataSource]{dataSource-1} closed
[INFO][2017-01-05 16:26|:24][org.springframework.test.context.support.DefaultTestContextBootstrapper]Loaded default TestExecutionListener class names from location [META-INF/spring.factories]: [org.springframework.test.context.web.ServletTestExecutionListener, org.springframework.test.context.support.DirtiesContextBeforeModesTestExecutionListener, org.springframework.test.context.support.DependencyInjectionTestExecutionListener, org.springframework.test.context.support.DirtiesContextTestExecutionListener, org.springframework.test.context.transaction.TransactionalTestExecutionListener, org.springframework.test.context.jdbc.SqlScriptsTestExecutionListener]
[INFO][2017-01-05 16:26|:24][org.springframework.test.context.support.DefaultTestContextBootstrapper]Using TestExecutionListeners: [org.springframework.test.context.web.ServletTestExecutionListener@94f025b, org.springframework.test.context.support.DirtiesContextBeforeModesTestExecutionListener@2223a923, org.springframework.test.context.support.DependencyInjectionTestExecutionListener@53354a57, org.springframework.test.context.support.DirtiesContextTestExecutionListener@4fa3c06e, org.springframework.test.context.transaction.TransactionalTestExecutionListener@7ae9e9b, org.springframework.test.context.jdbc.SqlScriptsTestExecutionListener@592ed60d]
[INFO][2017-01-05 16:26|:24][org.springframework.beans.factory.xml.XmlBeanDefinitionReader]Loading XML bean definitions from class path resource [spring-mybatis.xml]
[INFO][2017-01-05 16:26|:24][org.springframework.context.support.GenericApplicationContext]Refreshing org.springframework.context.support.GenericApplicationContext@1e7c42fe: startup date [Thu Jan 05 16:26:24 CST 2017]; root of context hierarchy
[INFO][2017-01-05 16:26|:24][org.springframework.beans.factory.config.PropertyPlaceholderConfigurer]Loading properties file from URL [file:/F:/Workspaces/blog%20Maven%20Webapp/target/classes/jdbc.properties]
[INFO][2017-01-05 16:26|:24][org.springframework.beans.factory.annotation.AutowiredAnnotationBeanPostProcessor]JSR-330 'javax.inject.Inject' annotation found and supported for autowiring
[ERROR][2017-01-05 16:26|:25][com.alibaba.druid.pool.DruidAbstractDataSource]maxIdle is deprecated
[ERROR][2017-01-05 16:26|:26][com.alibaba.druid.pool.DruidDataSource]testWhileIdle is true, validationQuery not set
[INFO][2017-01-05 16:26|:26][com.alibaba.druid.pool.DruidDataSource]{dataSource-1} inited
[INFO][2017-01-05 16:26|:27][net.cxp.test.TestMyBatis][net.cxp.blog.entity.Blog@d5d7396, net.cxp.blog.entity.Blog@724f83b4]
[INFO][2017-01-05 16:26|:27][org.springframework.context.support.GenericApplicationContext]Closing org.springframework.context.support.GenericApplicationContext@1e7c42fe: startup date [Thu Jan 05 16:26:24 CST 2017]; root of context hierarchy
[INFO][2017-01-05 16:26|:27][com.alibaba.druid.pool.DruidDataSource]{dataSource-1} closed
[INFO][2017-01-05 16:32|:56][org.springframework.test.context.support.DefaultTestContextBootstrapper]Loaded default TestExecutionListener class names from location [META-INF/spring.factories]: [org.springframework.test.context.web.ServletTestExecutionListener, org.springframework.test.context.support.DirtiesContextBeforeModesTestExecutionListener, org.springframework.test.context.support.DependencyInjectionTestExecutionListener, org.springframework.test.context.support.DirtiesContextTestExecutionListener, org.springframework.test.context.transaction.TransactionalTestExecutionListener, org.springframework.test.context.jdbc.SqlScriptsTestExecutionListener]
[INFO][2017-01-05 16:32|:56][org.springframework.test.context.support.DefaultTestContextBootstrapper]Using TestExecutionListeners: [org.springframework.test.context.web.ServletTestExecutionListener@3dc77b39, org.springframework.test.context.support.DirtiesContextBeforeModesTestExecutionListener@736afade, org.springframework.test.context.support.DependencyInjectionTestExecutionListener@747c4004, org.springframework.test.context.support.DirtiesContextTestExecutionListener@94f025b, org.springframework.test.context.transaction.TransactionalTestExecutionListener@2223a923, org.springframework.test.context.jdbc.SqlScriptsTestExecutionListener@53354a57]
[INFO][2017-01-05 16:32|:56][org.springframework.beans.factory.xml.XmlBeanDefinitionReader]Loading XML bean definitions from class path resource [spring-mybatis.xml]
[INFO][2017-01-05 16:32|:57][org.springframework.context.support.GenericApplicationContext]Refreshing org.springframework.context.support.GenericApplicationContext@117bcd8f: startup date [Thu Jan 05 16:32:56 CST 2017]; root of context hierarchy
[INFO][2017-01-05 16:32|:57][org.springframework.beans.factory.config.PropertyPlaceholderConfigurer]Loading properties file from URL [file:/F:/Workspaces/blog%20Maven%20Webapp/target/classes/jdbc.properties]
[INFO][2017-01-05 16:32|:57][org.springframework.beans.factory.annotation.AutowiredAnnotationBeanPostProcessor]JSR-330 'javax.inject.Inject' annotation found and supported for autowiring
[ERROR][2017-01-05 16:32|:57][com.alibaba.druid.pool.DruidAbstractDataSource]maxIdle is deprecated
[ERROR][2017-01-05 16:32|:58][com.alibaba.druid.pool.DruidDataSource]testWhileIdle is true, validationQuery not set
[INFO][2017-01-05 16:32|:58][com.alibaba.druid.pool.DruidDataSource]{dataSource-1} inited
[INFO][2017-01-05 16:32|:59][net.cxp.test.TestMyBatis][net.cxp.blog.entity.Blog@7214ee6b, net.cxp.blog.entity.Blog@3c30ed50]
[INFO][2017-01-05 16:32|:59][org.springframework.context.support.GenericApplicationContext]Closing org.springframework.context.support.GenericApplicationContext@117bcd8f: startup date [Thu Jan 05 16:32:56 CST 2017]; root of context hierarchy
[INFO][2017-01-05 16:32|:59][com.alibaba.druid.pool.DruidDataSource]{dataSource-1} closed
[INFO][2017-01-06 10:07|:02][org.springframework.test.context.support.DefaultTestContextBootstrapper]Loaded default TestExecutionListener class names from location [META-INF/spring.factories]: [org.springframework.test.context.web.ServletTestExecutionListener, org.springframework.test.context.support.DirtiesContextBeforeModesTestExecutionListener, org.springframework.test.context.support.DependencyInjectionTestExecutionListener, org.springframework.test.context.support.DirtiesContextTestExecutionListener, org.springframework.test.context.transaction.TransactionalTestExecutionListener, org.springframework.test.context.jdbc.SqlScriptsTestExecutionListener]
[INFO][2017-01-06 10:07|:03][org.springframework.test.context.support.DefaultTestContextBootstrapper]Using TestExecutionListeners: [org.springframework.test.context.web.ServletTestExecutionListener@c847fcf, org.springframework.test.context.support.DirtiesContextBeforeModesTestExecutionListener@4ee2f574, org.springframework.test.context.support.DependencyInjectionTestExecutionListener@1660bb22, org.springframework.test.context.support.DirtiesContextTestExecutionListener@289dc0a8, org.springframework.test.context.transaction.TransactionalTestExecutionListener@cd36a6d, org.springframework.test.context.jdbc.SqlScriptsTestExecutionListener@bf020af]
[INFO][2017-01-06 10:07|:03][org.springframework.beans.factory.xml.XmlBeanDefinitionReader]Loading XML bean definitions from class path resource [spring-mybatis.xml]
[INFO][2017-01-06 10:07|:04][org.springframework.context.support.GenericApplicationContext]Refreshing org.springframework.context.support.GenericApplicationContext@589af639: startup date [Fri Jan 06 10:07:04 CST 2017]; root of context hierarchy
[INFO][2017-01-06 10:07|:05][org.springframework.beans.factory.config.PropertyPlaceholderConfigurer]Loading properties file from URL [file:/F:/Workspaces/blog%20Maven%20Webapp/target/classes/jdbc.properties]
[INFO][2017-01-06 10:07|:05][org.springframework.beans.factory.annotation.AutowiredAnnotationBeanPostProcessor]JSR-330 'javax.inject.Inject' annotation found and supported for autowiring
[ERROR][2017-01-06 10:07|:05][com.alibaba.druid.pool.DruidAbstractDataSource]maxIdle is deprecated
[ERROR][2017-01-06 10:07|:08][com.alibaba.druid.pool.DruidDataSource]testWhileIdle is true, validationQuery not set
[INFO][2017-01-06 10:07|:08][com.alibaba.druid.pool.DruidDataSource]{dataSource-1} inited
[INFO][2017-01-06 10:07|:10][net.cxp.test.TestMyBatis][net.cxp.blog.entity.Blog@7214ee6b, net.cxp.blog.entity.Blog@3c30ed50]
[INFO][2017-01-06 10:07|:10][org.springframework.context.support.GenericApplicationContext]Closing org.springframework.context.support.GenericApplicationContext@589af639: startup date [Fri Jan 06 10:07:04 CST 2017]; root of context hierarchy
[INFO][2017-01-06 10:07|:10][com.alibaba.druid.pool.DruidDataSource]{dataSource-1} closed
[INFO][2017-01-06 10:19|:08][org.springframework.test.context.support.DefaultTestContextBootstrapper]Loaded default TestExecutionListener class names from location [META-INF/spring.factories]: [org.springframework.test.context.web.ServletTestExecutionListener, org.springframework.test.context.support.DirtiesContextBeforeModesTestExecutionListener, org.springframework.test.context.support.DependencyInjectionTestExecutionListener, org.springframework.test.context.support.DirtiesContextTestExecutionListener, org.springframework.test.context.transaction.TransactionalTestExecutionListener, org.springframework.test.context.jdbc.SqlScriptsTestExecutionListener]
[INFO][2017-01-06 10:19|:08][org.springframework.test.context.support.DefaultTestContextBootstrapper]Using TestExecutionListeners: [org.springframework.test.context.web.ServletTestExecutionListener@6547813b, org.springframework.test.context.support.DirtiesContextBeforeModesTestExecutionListener@39757c6f, org.springframework.test.context.support.DependencyInjectionTestExecutionListener@503c78e1, org.springframework.test.context.support.DirtiesContextTestExecutionListener@322424ee, org.springframework.test.context.transaction.TransactionalTestExecutionListener@62f49ef9, org.springframework.test.context.jdbc.SqlScriptsTestExecutionListener@29f12030]
[INFO][2017-01-06 10:19|:08][org.springframework.beans.factory.xml.XmlBeanDefinitionReader]Loading XML bean definitions from class path resource [spring-mybatis.xml]
[INFO][2017-01-06 10:19|:09][org.springframework.context.support.GenericApplicationContext]Refreshing org.springframework.context.support.GenericApplicationContext@77883d77: startup date [Fri Jan 06 10:19:09 CST 2017]; root of context hierarchy
[INFO][2017-01-06 10:19|:09][org.springframework.beans.factory.config.PropertyPlaceholderConfigurer]Loading properties file from URL [file:/F:/Workspaces/blog%20Maven%20Webapp/target/classes/jdbc.properties]
[INFO][2017-01-06 10:19|:09][org.springframework.beans.factory.annotation.AutowiredAnnotationBeanPostProcessor]JSR-330 'javax.inject.Inject' annotation found and supported for autowiring
[ERROR][2017-01-06 10:19|:10][com.alibaba.druid.pool.DruidAbstractDataSource]maxIdle is deprecated
[ERROR][2017-01-06 10:19|:12][com.alibaba.druid.pool.DruidDataSource]testWhileIdle is true, validationQuery not set
[INFO][2017-01-06 10:19|:12][com.alibaba.druid.pool.DruidDataSource]{dataSource-1} inited
[INFO][2017-01-06 10:19|:13][net.cxp.test.TestMyBatis][net.cxp.blog.entity.Blog@10a2918c, net.cxp.blog.entity.Blog@210186dc]
[INFO][2017-01-06 10:19|:13][org.springframework.context.support.GenericApplicationContext]Closing org.springframework.context.support.GenericApplicationContext@77883d77: startup date [Fri Jan 06 10:19:09 CST 2017]; root of context hierarchy
[INFO][2017-01-06 10:19|:13][com.alibaba.druid.pool.DruidDataSource]{dataSource-1} closed
[INFO][2017-01-06 10:20|:32][org.springframework.test.context.support.DefaultTestContextBootstrapper]Loaded default TestExecutionListener class names from location [META-INF/spring.factories]: [org.springframework.test.context.web.ServletTestExecutionListener, org.springframework.test.context.support.DirtiesContextBeforeModesTestExecutionListener, org.springframework.test.context.support.DependencyInjectionTestExecutionListener, org.springframework.test.context.support.DirtiesContextTestExecutionListener, org.springframework.test.context.transaction.TransactionalTestExecutionListener, org.springframework.test.context.jdbc.SqlScriptsTestExecutionListener]
[INFO][2017-01-06 10:20|:32][org.springframework.test.context.support.DefaultTestContextBootstrapper]Using TestExecutionListeners: [org.springframework.test.context.web.ServletTestExecutionListener@aee83a8, org.springframework.test.context.support.DirtiesContextBeforeModesTestExecutionListener@31059033, org.springframework.test.context.support.DependencyInjectionTestExecutionListener@643e1d69, org.springframework.test.context.support.DirtiesContextTestExecutionListener@29fd0be9, org.springframework.test.context.transaction.TransactionalTestExecutionListener@24190388, org.springframework.test.context.jdbc.SqlScriptsTestExecutionListener@6636e83b]
[INFO][2017-01-06 10:20|:33][org.springframework.beans.factory.xml.XmlBeanDefinitionReader]Loading XML bean definitions from class path resource [spring-mybatis.xml]
[INFO][2017-01-06 10:20|:33][org.springframework.context.support.GenericApplicationContext]Refreshing org.springframework.context.support.GenericApplicationContext@6ffe7200: startup date [Fri Jan 06 10:20:33 CST 2017]; root of context hierarchy
[INFO][2017-01-06 10:20|:34][org.springframework.beans.factory.config.PropertyPlaceholderConfigurer]Loading properties file from URL [file:/F:/Workspaces/blog%20Maven%20Webapp/target/classes/jdbc.properties]
[INFO][2017-01-06 10:20|:34][org.springframework.beans.factory.annotation.AutowiredAnnotationBeanPostProcessor]JSR-330 'javax.inject.Inject' annotation found and supported for autowiring
[ERROR][2017-01-06 10:20|:34][com.alibaba.druid.pool.DruidAbstractDataSource]maxIdle is deprecated
[ERROR][2017-01-06 10:20|:36][com.alibaba.druid.pool.DruidDataSource]testWhileIdle is true, validationQuery not set
[INFO][2017-01-06 10:20|:36][com.alibaba.druid.pool.DruidDataSource]{dataSource-1} inited
[INFO][2017-01-06 10:20|:38][net.cxp.test.TestMyBatis][{"blogCount":1,"imageList":[],"releaseDateStr":"2017-01"},{"blogCount":2,"imageList":[],"releaseDateStr":"2016-12"}]
[INFO][2017-01-06 10:20|:38][org.springframework.context.support.GenericApplicationContext]Closing org.springframework.context.support.GenericApplicationContext@6ffe7200: startup date [Fri Jan 06 10:20:33 CST 2017]; root of context hierarchy
[INFO][2017-01-06 10:20|:38][com.alibaba.druid.pool.DruidDataSource]{dataSource-1} closed
[INFO][2017-01-07 09:43|:21][org.springframework.test.context.support.DefaultTestContextBootstrapper]Loaded default TestExecutionListener class names from location [META-INF/spring.factories]: [org.springframework.test.context.web.ServletTestExecutionListener, org.springframework.test.context.support.DirtiesContextBeforeModesTestExecutionListener, org.springframework.test.context.support.DependencyInjectionTestExecutionListener, org.springframework.test.context.support.DirtiesContextTestExecutionListener, org.springframework.test.context.transaction.TransactionalTestExecutionListener, org.springframework.test.context.jdbc.SqlScriptsTestExecutionListener]
[INFO][2017-01-07 09:43|:21][org.springframework.test.context.support.DefaultTestContextBootstrapper]Using TestExecutionListeners: [org.springframework.test.context.web.ServletTestExecutionListener@24190388, org.springframework.test.context.support.DirtiesContextBeforeModesTestExecutionListener@6636e83b, org.springframework.test.context.support.DependencyInjectionTestExecutionListener@1ec8adea, org.springframework.test.context.support.DirtiesContextTestExecutionListener@911ed70, org.springframework.test.context.transaction.TransactionalTestExecutionListener@77fb58b6, org.springframework.test.context.jdbc.SqlScriptsTestExecutionListener@167d5244]
[INFO][2017-01-07 09:43|:22][org.springframework.beans.factory.xml.XmlBeanDefinitionReader]Loading XML bean definitions from class path resource [spring-mybatis.xml]
[INFO][2017-01-07 09:43|:23][org.springframework.context.support.GenericApplicationContext]Refreshing org.springframework.context.support.GenericApplicationContext@1a74681a: startup date [Sat Jan 07 09:43:23 CST 2017]; root of context hierarchy
[INFO][2017-01-07 09:43|:24][org.springframework.beans.factory.config.PropertyPlaceholderConfigurer]Loading properties file from URL [file:/F:/Workspaces/blog%20Maven%20Webapp/target/classes/jdbc.properties]
[INFO][2017-01-07 09:43|:24][org.springframework.beans.factory.annotation.AutowiredAnnotationBeanPostProcessor]JSR-330 'javax.inject.Inject' annotation found and supported for autowiring
[ERROR][2017-01-07 09:43|:24][com.alibaba.druid.pool.DruidAbstractDataSource]maxIdle is deprecated
[ERROR][2017-01-07 09:43|:27][com.alibaba.druid.pool.DruidDataSource]testWhileIdle is true, validationQuery not set
[INFO][2017-01-07 09:43|:27][com.alibaba.druid.pool.DruidDataSource]{dataSource-1} inited
[INFO][2017-01-07 09:43|:29][org.springframework.context.support.GenericApplicationContext]Closing org.springframework.context.support.GenericApplicationContext@1a74681a: startup date [Sat Jan 07 09:43:23 CST 2017]; root of context hierarchy
[INFO][2017-01-07 09:43|:29][com.alibaba.druid.pool.DruidDataSource]{dataSource-1} closed
[INFO][2017-01-07 09:46|:02][org.springframework.test.context.support.DefaultTestContextBootstrapper]Loaded default TestExecutionListener class names from location [META-INF/spring.factories]: [org.springframework.test.context.web.ServletTestExecutionListener, org.springframework.test.context.support.DirtiesContextBeforeModesTestExecutionListener, org.springframework.test.context.support.DependencyInjectionTestExecutionListener, org.springframework.test.context.support.DirtiesContextTestExecutionListener, org.springframework.test.context.transaction.TransactionalTestExecutionListener, org.springframework.test.context.jdbc.SqlScriptsTestExecutionListener]
[INFO][2017-01-07 09:46|:02][org.springframework.test.context.support.DefaultTestContextBootstrapper]Using TestExecutionListeners: [org.springframework.test.context.web.ServletTestExecutionListener@7ae9e9b, org.springframework.test.context.support.DirtiesContextBeforeModesTestExecutionListener@592ed60d, org.springframework.test.context.support.DependencyInjectionTestExecutionListener@11e71d39, org.springframework.test.context.support.DirtiesContextTestExecutionListener@5c2f925d, org.springframework.test.context.transaction.TransactionalTestExecutionListener@373246f3, org.springframework.test.context.jdbc.SqlScriptsTestExecutionListener@45d017d4]
[INFO][2017-01-07 09:46|:02][org.springframework.beans.factory.xml.XmlBeanDefinitionReader]Loading XML bean definitions from class path resource [spring-mybatis.xml]
[INFO][2017-01-07 09:46|:03][org.springframework.context.support.GenericApplicationContext]Refreshing org.springframework.context.support.GenericApplicationContext@4b1852a3: startup date [Sat Jan 07 09:46:03 CST 2017]; root of context hierarchy
[INFO][2017-01-07 09:46|:03][org.springframework.beans.factory.config.PropertyPlaceholderConfigurer]Loading properties file from URL [file:/F:/Workspaces/blog%20Maven%20Webapp/target/classes/jdbc.properties]
[INFO][2017-01-07 09:46|:03][org.springframework.beans.factory.annotation.AutowiredAnnotationBeanPostProcessor]JSR-330 'javax.inject.Inject' annotation found and supported for autowiring
[ERROR][2017-01-07 09:46|:03][com.alibaba.druid.pool.DruidAbstractDataSource]maxIdle is deprecated
[ERROR][2017-01-07 09:46|:05][com.alibaba.druid.pool.DruidDataSource]testWhileIdle is true, validationQuery not set
[INFO][2017-01-07 09:46|:05][com.alibaba.druid.pool.DruidDataSource]{dataSource-1} inited
[INFO][2017-01-07 09:46|:06][net.cxp.test.TestMyBatis][{"blogCount":1,"imageList":[],"releaseDateStr":"2017-01"},{"blogCount":2,"imageList":[],"releaseDateStr":"2016-12"}]
[INFO][2017-01-07 09:46|:06][org.springframework.context.support.GenericApplicationContext]Closing org.springframework.context.support.GenericApplicationContext@4b1852a3: startup date [Sat Jan 07 09:46:03 CST 2017]; root of context hierarchy
[INFO][2017-01-07 09:46|:06][com.alibaba.druid.pool.DruidDataSource]{dataSource-1} closed
[INFO][2017-01-07 09:53|:44][org.springframework.test.context.support.DefaultTestContextBootstrapper]Loaded default TestExecutionListener class names from location [META-INF/spring.factories]: [org.springframework.test.context.web.ServletTestExecutionListener, org.springframework.test.context.support.DirtiesContextBeforeModesTestExecutionListener, org.springframework.test.context.support.DependencyInjectionTestExecutionListener, org.springframework.test.context.support.DirtiesContextTestExecutionListener, org.springframework.test.context.transaction.TransactionalTestExecutionListener, org.springframework.test.context.jdbc.SqlScriptsTestExecutionListener]
[INFO][2017-01-07 09:53|:44][org.springframework.test.context.support.DefaultTestContextBootstrapper]Using TestExecutionListeners: [org.springframework.test.context.web.ServletTestExecutionListener@592ed60d, org.springframework.test.context.support.DirtiesContextBeforeModesTestExecutionListener@11e71d39, org.springframework.test.context.support.DependencyInjectionTestExecutionListener@5c2f925d, org.springframework.test.context.support.DirtiesContextTestExecutionListener@373246f3, org.springframework.test.context.transaction.TransactionalTestExecutionListener@45d017d4, org.springframework.test.context.jdbc.SqlScriptsTestExecutionListener@60cc831a]
[INFO][2017-01-07 09:53|:45][org.springframework.beans.factory.xml.XmlBeanDefinitionReader]Loading XML bean definitions from class path resource [spring-mybatis.xml]
[INFO][2017-01-07 09:53|:45][org.springframework.context.support.GenericApplicationContext]Refreshing org.springframework.context.support.GenericApplicationContext@29d971d9: startup date [Sat Jan 07 09:53:45 CST 2017]; root of context hierarchy
[INFO][2017-01-07 09:53|:45][org.springframework.beans.factory.config.PropertyPlaceholderConfigurer]Loading properties file from URL [file:/F:/Workspaces/blog%20Maven%20Webapp/target/classes/jdbc.properties]
[INFO][2017-01-07 09:53|:45][org.springframework.beans.factory.annotation.AutowiredAnnotationBeanPostProcessor]JSR-330 'javax.inject.Inject' annotation found and supported for autowiring
[ERROR][2017-01-07 09:53|:46][com.alibaba.druid.pool.DruidAbstractDataSource]maxIdle is deprecated
[ERROR][2017-01-07 09:53|:47][com.alibaba.druid.pool.DruidDataSource]testWhileIdle is true, validationQuery not set
[INFO][2017-01-07 09:53|:47][com.alibaba.druid.pool.DruidDataSource]{dataSource-1} inited
[INFO][2017-01-07 09:53|:48][net.cxp.test.TestMyBatis][{"blogCount":1,"imageList":[],"releaseDateStr":"2017-01"},{"blogCount":2,"imageList":[],"releaseDateStr":"2016-12"}]
[INFO][2017-01-07 09:53|:48][org.springframework.context.support.GenericApplicationContext]Closing org.springframework.context.support.GenericApplicationContext@29d971d9: startup date [Sat Jan 07 09:53:45 CST 2017]; root of context hierarchy
[INFO][2017-01-07 09:53|:48][com.alibaba.druid.pool.DruidDataSource]{dataSource-1} closed
[INFO][2017-01-07 09:55|:34][org.springframework.test.context.support.DefaultTestContextBootstrapper]Loaded default TestExecutionListener class names from location [META-INF/spring.factories]: [org.springframework.test.context.web.ServletTestExecutionListener, org.springframework.test.context.support.DirtiesContextBeforeModesTestExecutionListener, org.springframework.test.context.support.DependencyInjectionTestExecutionListener, org.springframework.test.context.support.DirtiesContextTestExecutionListener, org.springframework.test.context.transaction.TransactionalTestExecutionListener, org.springframework.test.context.jdbc.SqlScriptsTestExecutionListener]
[INFO][2017-01-07 09:55|:34][org.springframework.test.context.support.DefaultTestContextBootstrapper]Using TestExecutionListeners: [org.springframework.test.context.web.ServletTestExecutionListener@3ab2e25b, org.springframework.test.context.support.DirtiesContextBeforeModesTestExecutionListener@362ae278, org.springframework.test.context.support.DependencyInjectionTestExecutionListener@397a5010, org.springframework.test.context.support.DirtiesContextTestExecutionListener@d1e67eb, org.springframework.test.context.transaction.TransactionalTestExecutionListener@47387c07, org.springframework.test.context.jdbc.SqlScriptsTestExecutionListener@4d56d418]
[INFO][2017-01-07 09:55|:35][org.springframework.beans.factory.xml.XmlBeanDefinitionReader]Loading XML bean definitions from class path resource [spring-mybatis.xml]
[INFO][2017-01-07 09:55|:35][org.springframework.context.support.GenericApplicationContext]Refreshing org.springframework.context.support.GenericApplicationContext@3dd36fa0: startup date [Sat Jan 07 09:55:35 CST 2017]; root of context hierarchy
[INFO][2017-01-07 09:55|:35][org.springframework.beans.factory.config.PropertyPlaceholderConfigurer]Loading properties file from URL [file:/F:/Workspaces/blog%20Maven%20Webapp/target/classes/jdbc.properties]
[INFO][2017-01-07 09:55|:35][org.springframework.beans.factory.annotation.AutowiredAnnotationBeanPostProcessor]JSR-330 'javax.inject.Inject' annotation found and supported for autowiring
[ERROR][2017-01-07 09:55|:36][com.alibaba.druid.pool.DruidAbstractDataSource]maxIdle is deprecated
[ERROR][2017-01-07 09:55|:37][com.alibaba.druid.pool.DruidDataSource]testWhileIdle is true, validationQuery not set
[INFO][2017-01-07 09:55|:37][com.alibaba.druid.pool.DruidDataSource]{dataSource-1} inited
[INFO][2017-01-07 09:55|:38][net.cxp.test.TestMyBatis][{"blogCount":1,"imageList":[],"releaseDateStr":"2017-01"},{"blogCount":2,"imageList":[],"releaseDateStr":"2016-12"}]
[INFO][2017-01-07 09:55|:38][org.springframework.context.support.GenericApplicationContext]Closing org.springframework.context.support.GenericApplicationContext@3dd36fa0: startup date [Sat Jan 07 09:55:35 CST 2017]; root of context hierarchy
[INFO][2017-01-07 09:55|:38][com.alibaba.druid.pool.DruidDataSource]{dataSource-1} closed
[INFO][2017-01-07 09:55|:59][org.springframework.test.context.support.DefaultTestContextBootstrapper]Loaded default TestExecutionListener class names from location [META-INF/spring.factories]: [org.springframework.test.context.web.ServletTestExecutionListener, org.springframework.test.context.support.DirtiesContextBeforeModesTestExecutionListener, org.springframework.test.context.support.DependencyInjectionTestExecutionListener, org.springframework.test.context.support.DirtiesContextTestExecutionListener, org.springframework.test.context.transaction.TransactionalTestExecutionListener, org.springframework.test.context.jdbc.SqlScriptsTestExecutionListener]
[INFO][2017-01-07 09:55|:59][org.springframework.test.context.support.DefaultTestContextBootstrapper]Using TestExecutionListeners: [org.springframework.test.context.web.ServletTestExecutionListener@6636e83b, org.springframework.test.context.support.DirtiesContextBeforeModesTestExecutionListener@1ec8adea, org.springframework.test.context.support.DependencyInjectionTestExecutionListener@911ed70, org.springframework.test.context.support.DirtiesContextTestExecutionListener@77fb58b6, org.springframework.test.context.transaction.TransactionalTestExecutionListener@167d5244, org.springframework.test.context.jdbc.SqlScriptsTestExecutionListener@7da3f9e4]
[INFO][2017-01-07 09:56|:00][org.springframework.beans.factory.xml.XmlBeanDefinitionReader]Loading XML bean definitions from class path resource [spring-mybatis.xml]
[INFO][2017-01-07 09:56|:00][org.springframework.context.support.GenericApplicationContext]Refreshing org.springframework.context.support.GenericApplicationContext@505e9087: startup date [Sat Jan 07 09:56:00 CST 2017]; root of context hierarchy
[INFO][2017-01-07 09:56|:00][org.springframework.beans.factory.config.PropertyPlaceholderConfigurer]Loading properties file from URL [file:/F:/Workspaces/blog%20Maven%20Webapp/target/classes/jdbc.properties]
[INFO][2017-01-07 09:56|:00][org.springframework.beans.factory.annotation.AutowiredAnnotationBeanPostProcessor]JSR-330 'javax.inject.Inject' annotation found and supported for autowiring
[ERROR][2017-01-07 09:56|:01][com.alibaba.druid.pool.DruidAbstractDataSource]maxIdle is deprecated
[ERROR][2017-01-07 09:56|:02][com.alibaba.druid.pool.DruidDataSource]testWhileIdle is true, validationQuery not set
[INFO][2017-01-07 09:56|:02][com.alibaba.druid.pool.DruidDataSource]{dataSource-1} inited
[INFO][2017-01-07 09:56|:03][org.springframework.context.support.GenericApplicationContext]Closing org.springframework.context.support.GenericApplicationContext@505e9087: startup date [Sat Jan 07 09:56:00 CST 2017]; root of context hierarchy
[INFO][2017-01-07 09:56|:03][com.alibaba.druid.pool.DruidDataSource]{dataSource-1} closed
[INFO][2017-01-07 09:58|:17][org.springframework.test.context.support.DefaultTestContextBootstrapper]Loaded default TestExecutionListener class names from location [META-INF/spring.factories]: [org.springframework.test.context.web.ServletTestExecutionListener, org.springframework.test.context.support.DirtiesContextBeforeModesTestExecutionListener, org.springframework.test.context.support.DependencyInjectionTestExecutionListener, org.springframework.test.context.support.DirtiesContextTestExecutionListener, org.springframework.test.context.transaction.TransactionalTestExecutionListener, org.springframework.test.context.jdbc.SqlScriptsTestExecutionListener]
[INFO][2017-01-07 09:58|:17][org.springframework.test.context.support.DefaultTestContextBootstrapper]Using TestExecutionListeners: [org.springframework.test.context.web.ServletTestExecutionListener@77fb58b6, org.springframework.test.context.support.DirtiesContextBeforeModesTestExecutionListener@167d5244, org.springframework.test.context.support.DependencyInjectionTestExecutionListener@7da3f9e4, org.springframework.test.context.support.DirtiesContextTestExecutionListener@186b282d, org.springframework.test.context.transaction.TransactionalTestExecutionListener@231aaee1, org.springframework.test.context.jdbc.SqlScriptsTestExecutionListener@2ccf47c8]
[INFO][2017-01-07 09:58|:17][org.springframework.beans.factory.xml.XmlBeanDefinitionReader]Loading XML bean definitions from class path resource [spring-mybatis.xml]
[INFO][2017-01-07 09:58|:17][org.springframework.context.support.GenericApplicationContext]Refreshing org.springframework.context.support.GenericApplicationContext@567e768e: startup date [Sat Jan 07 09:58:17 CST 2017]; root of context hierarchy
[INFO][2017-01-07 09:58|:18][org.springframework.beans.factory.config.PropertyPlaceholderConfigurer]Loading properties file from URL [file:/F:/Workspaces/blog%20Maven%20Webapp/target/classes/jdbc.properties]
[INFO][2017-01-07 09:58|:18][org.springframework.beans.factory.annotation.AutowiredAnnotationBeanPostProcessor]JSR-330 'javax.inject.Inject' annotation found and supported for autowiring
[ERROR][2017-01-07 09:58|:18][com.alibaba.druid.pool.DruidAbstractDataSource]maxIdle is deprecated
[ERROR][2017-01-07 09:58|:19][com.alibaba.druid.pool.DruidDataSource]testWhileIdle is true, validationQuery not set
[INFO][2017-01-07 09:58|:19][com.alibaba.druid.pool.DruidDataSource]{dataSource-1} inited
[INFO][2017-01-07 09:58|:20][org.springframework.context.support.GenericApplicationContext]Closing org.springframework.context.support.GenericApplicationContext@567e768e: startup date [Sat Jan 07 09:58:17 CST 2017]; root of context hierarchy
[INFO][2017-01-07 09:58|:20][com.alibaba.druid.pool.DruidDataSource]{dataSource-1} closed
[INFO][2017-01-07 09:58|:54][org.springframework.test.context.support.DefaultTestContextBootstrapper]Loaded default TestExecutionListener class names from location [META-INF/spring.factories]: [org.springframework.test.context.web.ServletTestExecutionListener, org.springframework.test.context.support.DirtiesContextBeforeModesTestExecutionListener, org.springframework.test.context.support.DependencyInjectionTestExecutionListener, org.springframework.test.context.support.DirtiesContextTestExecutionListener, org.springframework.test.context.transaction.TransactionalTestExecutionListener, org.springframework.test.context.jdbc.SqlScriptsTestExecutionListener]
[INFO][2017-01-07 09:58|:54][org.springframework.test.context.support.DefaultTestContextBootstrapper]Using TestExecutionListeners: [org.springframework.test.context.web.ServletTestExecutionListener@60cc831a, org.springframework.test.context.support.DirtiesContextBeforeModesTestExecutionListener@12b3519c, org.springframework.test.context.support.DependencyInjectionTestExecutionListener@3ab2e25b, org.springframework.test.context.support.DirtiesContextTestExecutionListener@362ae278, org.springframework.test.context.transaction.TransactionalTestExecutionListener@397a5010, org.springframework.test.context.jdbc.SqlScriptsTestExecutionListener@d1e67eb]
[INFO][2017-01-07 09:58|:54][org.springframework.beans.factory.xml.XmlBeanDefinitionReader]Loading XML bean definitions from class path resource [spring-mybatis.xml]
[INFO][2017-01-07 09:58|:54][org.springframework.context.support.GenericApplicationContext]Refreshing org.springframework.context.support.GenericApplicationContext@35a2b4ea: startup date [Sat Jan 07 09:58:54 CST 2017]; root of context hierarchy
[INFO][2017-01-07 09:58|:55][org.springframework.beans.factory.config.PropertyPlaceholderConfigurer]Loading properties file from URL [file:/F:/Workspaces/blog%20Maven%20Webapp/target/classes/jdbc.properties]
[INFO][2017-01-07 09:58|:55][org.springframework.beans.factory.annotation.AutowiredAnnotationBeanPostProcessor]JSR-330 'javax.inject.Inject' annotation found and supported for autowiring
[ERROR][2017-01-07 09:58|:55][com.alibaba.druid.pool.DruidAbstractDataSource]maxIdle is deprecated
[ERROR][2017-01-07 09:58|:56][com.alibaba.druid.pool.DruidDataSource]testWhileIdle is true, validationQuery not set
[INFO][2017-01-07 09:58|:56][com.alibaba.druid.pool.DruidDataSource]{dataSource-1} inited
[INFO][2017-01-07 09:58|:57][net.cxp.test.TestMyBatis][{"blogCount":1,"imageList":[],"releaseDateStr":"2017-01"},{"blogCount":2,"imageList":[],"releaseDateStr":"2016-12"}]
[INFO][2017-01-07 09:58|:57][org.springframework.context.support.GenericApplicationContext]Closing org.springframework.context.support.GenericApplicationContext@35a2b4ea: startup date [Sat Jan 07 09:58:54 CST 2017]; root of context hierarchy
[INFO][2017-01-07 09:58|:57][com.alibaba.druid.pool.DruidDataSource]{dataSource-1} closed
[INFO][2017-01-07 09:59|:07][org.springframework.test.context.support.DefaultTestContextBootstrapper]Loaded default TestExecutionListener class names from location [META-INF/spring.factories]: [org.springframework.test.context.web.ServletTestExecutionListener, org.springframework.test.context.support.DirtiesContextBeforeModesTestExecutionListener, org.springframework.test.context.support.DependencyInjectionTestExecutionListener, org.springframework.test.context.support.DirtiesContextTestExecutionListener, org.springframework.test.context.transaction.TransactionalTestExecutionListener, org.springframework.test.context.jdbc.SqlScriptsTestExecutionListener]
[INFO][2017-01-07 09:59|:07][org.springframework.test.context.support.DefaultTestContextBootstrapper]Using TestExecutionListeners: [org.springframework.test.context.web.ServletTestExecutionListener@1ec8adea, org.springframework.test.context.support.DirtiesContextBeforeModesTestExecutionListener@911ed70, org.springframework.test.context.support.DependencyInjectionTestExecutionListener@77fb58b6, org.springframework.test.context.support.DirtiesContextTestExecutionListener@167d5244, org.springframework.test.context.transaction.TransactionalTestExecutionListener@7da3f9e4, org.springframework.test.context.jdbc.SqlScriptsTestExecutionListener@186b282d]
[INFO][2017-01-07 09:59|:07][org.springframework.beans.factory.xml.XmlBeanDefinitionReader]Loading XML bean definitions from class path resource [spring-mybatis.xml]
[INFO][2017-01-07 09:59|:08][org.springframework.context.support.GenericApplicationContext]Refreshing org.springframework.context.support.GenericApplicationContext@7062b849: startup date [Sat Jan 07 09:59:08 CST 2017]; root of context hierarchy
[INFO][2017-01-07 09:59|:08][org.springframework.beans.factory.config.PropertyPlaceholderConfigurer]Loading properties file from URL [file:/F:/Workspaces/blog%20Maven%20Webapp/target/classes/jdbc.properties]
[INFO][2017-01-07 09:59|:08][org.springframework.beans.factory.annotation.AutowiredAnnotationBeanPostProcessor]JSR-330 'javax.inject.Inject' annotation found and supported for autowiring
[ERROR][2017-01-07 09:59|:08][com.alibaba.druid.pool.DruidAbstractDataSource]maxIdle is deprecated
[ERROR][2017-01-07 09:59|:09][com.alibaba.druid.pool.DruidDataSource]testWhileIdle is true, validationQuery not set
[INFO][2017-01-07 09:59|:10][com.alibaba.druid.pool.DruidDataSource]{dataSource-1} inited
[INFO][2017-01-07 09:59|:10][org.springframework.context.support.GenericApplicationContext]Closing org.springframework.context.support.GenericApplicationContext@7062b849: startup date [Sat Jan 07 09:59:08 CST 2017]; root of context hierarchy
[INFO][2017-01-07 09:59|:10][com.alibaba.druid.pool.DruidDataSource]{dataSource-1} closed
[INFO][2017-01-07 10:00|:17][org.springframework.test.context.support.DefaultTestContextBootstrapper]Loaded default TestExecutionListener class names from location [META-INF/spring.factories]: [org.springframework.test.context.web.ServletTestExecutionListener, org.springframework.test.context.support.DirtiesContextBeforeModesTestExecutionListener, org.springframework.test.context.support.DependencyInjectionTestExecutionListener, org.springframework.test.context.support.DirtiesContextTestExecutionListener, org.springframework.test.context.transaction.TransactionalTestExecutionListener, org.springframework.test.context.jdbc.SqlScriptsTestExecutionListener]
[INFO][2017-01-07 10:00|:17][org.springframework.test.context.support.DefaultTestContextBootstrapper]Using TestExecutionListeners: [org.springframework.test.context.web.ServletTestExecutionListener@1ec8adea, org.springframework.test.context.support.DirtiesContextBeforeModesTestExecutionListener@911ed70, org.springframework.test.context.support.DependencyInjectionTestExecutionListener@77fb58b6, org.springframework.test.context.support.DirtiesContextTestExecutionListener@167d5244, org.springframework.test.context.transaction.TransactionalTestExecutionListener@7da3f9e4, org.springframework.test.context.jdbc.SqlScriptsTestExecutionListener@186b282d]
[INFO][2017-01-07 10:00|:18][org.springframework.beans.factory.xml.XmlBeanDefinitionReader]Loading XML bean definitions from class path resource [spring-mybatis.xml]
[INFO][2017-01-07 10:00|:18][org.springframework.context.support.GenericApplicationContext]Refreshing org.springframework.context.support.GenericApplicationContext@7062b849: startup date [Sat Jan 07 10:00:18 CST 2017]; root of context hierarchy
[INFO][2017-01-07 10:00|:18][org.springframework.beans.factory.config.PropertyPlaceholderConfigurer]Loading properties file from URL [file:/F:/Workspaces/blog%20Maven%20Webapp/target/classes/jdbc.properties]
[INFO][2017-01-07 10:00|:18][org.springframework.beans.factory.annotation.AutowiredAnnotationBeanPostProcessor]JSR-330 'javax.inject.Inject' annotation found and supported for autowiring
[ERROR][2017-01-07 10:00|:19][com.alibaba.druid.pool.DruidAbstractDataSource]maxIdle is deprecated
[ERROR][2017-01-07 10:00|:20][com.alibaba.druid.pool.DruidDataSource]testWhileIdle is true, validationQuery not set
[INFO][2017-01-07 10:00|:20][com.alibaba.druid.pool.DruidDataSource]{dataSource-1} inited
[INFO][2017-01-07 10:00|:21][net.cxp.test.TestMyBatis][{"blogCount":1,"imageList":[],"releaseDateStr":"2017-01"},{"blogCount":2,"imageList":[],"releaseDateStr":"2016-12"}]
[INFO][2017-01-07 10:00|:21][org.springframework.context.support.GenericApplicationContext]Closing org.springframework.context.support.GenericApplicationContext@7062b849: startup date [Sat Jan 07 10:00:18 CST 2017]; root of context hierarchy
[INFO][2017-01-07 10:00|:21][com.alibaba.druid.pool.DruidDataSource]{dataSource-1} closed
[INFO][2017-01-07 10:01|:43][org.springframework.test.context.support.DefaultTestContextBootstrapper]Loaded default TestExecutionListener class names from location [META-INF/spring.factories]: [org.springframework.test.context.web.ServletTestExecutionListener, org.springframework.test.context.support.DirtiesContextBeforeModesTestExecutionListener, org.springframework.test.context.support.DependencyInjectionTestExecutionListener, org.springframework.test.context.support.DirtiesContextTestExecutionListener, org.springframework.test.context.transaction.TransactionalTestExecutionListener, org.springframework.test.context.jdbc.SqlScriptsTestExecutionListener]
[INFO][2017-01-07 10:01|:43][org.springframework.test.context.support.DefaultTestContextBootstrapper]Using TestExecutionListeners: [org.springframework.test.context.web.ServletTestExecutionListener@1ec8adea, org.springframework.test.context.support.DirtiesContextBeforeModesTestExecutionListener@911ed70, org.springframework.test.context.support.DependencyInjectionTestExecutionListener@77fb58b6, org.springframework.test.context.support.DirtiesContextTestExecutionListener@167d5244, org.springframework.test.context.transaction.TransactionalTestExecutionListener@7da3f9e4, org.springframework.test.context.jdbc.SqlScriptsTestExecutionListener@186b282d]
[INFO][2017-01-07 10:01|:43][org.springframework.beans.factory.xml.XmlBeanDefinitionReader]Loading XML bean definitions from class path resource [spring-mybatis.xml]
[INFO][2017-01-07 10:01|:44][org.springframework.context.support.GenericApplicationContext]Refreshing org.springframework.context.support.GenericApplicationContext@7062b849: startup date [Sat Jan 07 10:01:44 CST 2017]; root of context hierarchy
[INFO][2017-01-07 10:01|:44][org.springframework.beans.factory.config.PropertyPlaceholderConfigurer]Loading properties file from URL [file:/F:/Workspaces/blog%20Maven%20Webapp/target/classes/jdbc.properties]
[INFO][2017-01-07 10:01|:44][org.springframework.beans.factory.annotation.AutowiredAnnotationBeanPostProcessor]JSR-330 'javax.inject.Inject' annotation found and supported for autowiring
[ERROR][2017-01-07 10:01|:44][com.alibaba.druid.pool.DruidAbstractDataSource]maxIdle is deprecated
[ERROR][2017-01-07 10:01|:46][com.alibaba.druid.pool.DruidDataSource]testWhileIdle is true, validationQuery not set
[INFO][2017-01-07 10:01|:46][com.alibaba.druid.pool.DruidDataSource]{dataSource-1} inited
[INFO][2017-01-07 10:01|:47][org.springframework.context.support.GenericApplicationContext]Closing org.springframework.context.support.GenericApplicationContext@7062b849: startup date [Sat Jan 07 10:01:44 CST 2017]; root of context hierarchy
[INFO][2017-01-07 10:01|:47][com.alibaba.druid.pool.DruidDataSource]{dataSource-1} closed
[INFO][2017-01-07 10:02|:14][org.springframework.test.context.support.DefaultTestContextBootstrapper]Loaded default TestExecutionListener class names from location [META-INF/spring.factories]: [org.springframework.test.context.web.ServletTestExecutionListener, org.springframework.test.context.support.DirtiesContextBeforeModesTestExecutionListener, org.springframework.test.context.support.DependencyInjectionTestExecutionListener, org.springframework.test.context.support.DirtiesContextTestExecutionListener, org.springframework.test.context.transaction.TransactionalTestExecutionListener, org.springframework.test.context.jdbc.SqlScriptsTestExecutionListener]
[INFO][2017-01-07 10:02|:14][org.springframework.test.context.support.DefaultTestContextBootstrapper]Using TestExecutionListeners: [org.springframework.test.context.web.ServletTestExecutionListener@911ed70, org.springframework.test.context.support.DirtiesContextBeforeModesTestExecutionListener@77fb58b6, org.springframework.test.context.support.DependencyInjectionTestExecutionListener@167d5244, org.springframework.test.context.support.DirtiesContextTestExecutionListener@7da3f9e4, org.springframework.test.context.transaction.TransactionalTestExecutionListener@186b282d, org.springframework.test.context.jdbc.SqlScriptsTestExecutionListener@231aaee1]
[INFO][2017-01-07 10:02|:15][org.springframework.beans.factory.xml.XmlBeanDefinitionReader]Loading XML bean definitions from class path resource [spring-mybatis.xml]
[INFO][2017-01-07 10:02|:15][org.springframework.context.support.GenericApplicationContext]Refreshing org.springframework.context.support.GenericApplicationContext@6130fa43: startup date [Sat Jan 07 10:02:15 CST 2017]; root of context hierarchy
[INFO][2017-01-07 10:02|:15][org.springframework.beans.factory.config.PropertyPlaceholderConfigurer]Loading properties file from URL [file:/F:/Workspaces/blog%20Maven%20Webapp/target/classes/jdbc.properties]
[INFO][2017-01-07 10:02|:15][org.springframework.beans.factory.annotation.AutowiredAnnotationBeanPostProcessor]JSR-330 'javax.inject.Inject' annotation found and supported for autowiring
[ERROR][2017-01-07 10:02|:16][com.alibaba.druid.pool.DruidAbstractDataSource]maxIdle is deprecated
[ERROR][2017-01-07 10:02|:17][com.alibaba.druid.pool.DruidDataSource]testWhileIdle is true, validationQuery not set
[INFO][2017-01-07 10:02|:17][com.alibaba.druid.pool.DruidDataSource]{dataSource-1} inited
[INFO][2017-01-07 10:02|:18][org.springframework.context.support.GenericApplicationContext]Closing org.springframework.context.support.GenericApplicationContext@6130fa43: startup date [Sat Jan 07 10:02:15 CST 2017]; root of context hierarchy
[INFO][2017-01-07 10:02|:18][com.alibaba.druid.pool.DruidDataSource]{dataSource-1} closed
[INFO][2017-01-07 10:03|:00][org.springframework.test.context.support.DefaultTestContextBootstrapper]Loaded default TestExecutionListener class names from location [META-INF/spring.factories]: [org.springframework.test.context.web.ServletTestExecutionListener, org.springframework.test.context.support.DirtiesContextBeforeModesTestExecutionListener, org.springframework.test.context.support.DependencyInjectionTestExecutionListener, org.springframework.test.context.support.DirtiesContextTestExecutionListener, org.springframework.test.context.transaction.TransactionalTestExecutionListener, org.springframework.test.context.jdbc.SqlScriptsTestExecutionListener]
[INFO][2017-01-07 10:03|:00][org.springframework.test.context.support.DefaultTestContextBootstrapper]Using TestExecutionListeners: [org.springframework.test.context.web.ServletTestExecutionListener@6636e83b, org.springframework.test.context.support.DirtiesContextBeforeModesTestExecutionListener@1ec8adea, org.springframework.test.context.support.DependencyInjectionTestExecutionListener@911ed70, org.springframework.test.context.support.DirtiesContextTestExecutionListener@77fb58b6, org.springframework.test.context.transaction.TransactionalTestExecutionListener@167d5244, org.springframework.test.context.jdbc.SqlScriptsTestExecutionListener@7da3f9e4]
[INFO][2017-01-07 10:03|:00][org.springframework.beans.factory.xml.XmlBeanDefinitionReader]Loading XML bean definitions from class path resource [spring-mybatis.xml]
[INFO][2017-01-07 10:03|:00][org.springframework.context.support.GenericApplicationContext]Refreshing org.springframework.context.support.GenericApplicationContext@505e9087: startup date [Sat Jan 07 10:03:00 CST 2017]; root of context hierarchy
[INFO][2017-01-07 10:03|:00][org.springframework.beans.factory.config.PropertyPlaceholderConfigurer]Loading properties file from URL [file:/F:/Workspaces/blog%20Maven%20Webapp/target/classes/jdbc.properties]
[INFO][2017-01-07 10:03|:00][org.springframework.beans.factory.annotation.AutowiredAnnotationBeanPostProcessor]JSR-330 'javax.inject.Inject' annotation found and supported for autowiring
[ERROR][2017-01-07 10:03|:01][com.alibaba.druid.pool.DruidAbstractDataSource]maxIdle is deprecated
[ERROR][2017-01-07 10:03|:02][com.alibaba.druid.pool.DruidDataSource]testWhileIdle is true, validationQuery not set
[INFO][2017-01-07 10:03|:02][com.alibaba.druid.pool.DruidDataSource]{dataSource-1} inited
[INFO][2017-01-07 10:03|:03][org.springframework.context.support.GenericApplicationContext]Closing org.springframework.context.support.GenericApplicationContext@505e9087: startup date [Sat Jan 07 10:03:00 CST 2017]; root of context hierarchy
[INFO][2017-01-07 10:03|:03][com.alibaba.druid.pool.DruidDataSource]{dataSource-1} closed
[INFO][2017-01-07 10:06|:04][org.springframework.test.context.support.DefaultTestContextBootstrapper]Loaded default TestExecutionListener class names from location [META-INF/spring.factories]: [org.springframework.test.context.web.ServletTestExecutionListener, org.springframework.test.context.support.DirtiesContextBeforeModesTestExecutionListener, org.springframework.test.context.support.DependencyInjectionTestExecutionListener, org.springframework.test.context.support.DirtiesContextTestExecutionListener, org.springframework.test.context.transaction.TransactionalTestExecutionListener, org.springframework.test.context.jdbc.SqlScriptsTestExecutionListener]
[INFO][2017-01-07 10:06|:04][org.springframework.test.context.support.DefaultTestContextBootstrapper]Using TestExecutionListeners: [org.springframework.test.context.web.ServletTestExecutionListener@911ed70, org.springframework.test.context.support.DirtiesContextBeforeModesTestExecutionListener@77fb58b6, org.springframework.test.context.support.DependencyInjectionTestExecutionListener@167d5244, org.springframework.test.context.support.DirtiesContextTestExecutionListener@7da3f9e4, org.springframework.test.context.transaction.TransactionalTestExecutionListener@186b282d, org.springframework.test.context.jdbc.SqlScriptsTestExecutionListener@231aaee1]
[INFO][2017-01-07 10:06|:04][org.springframework.beans.factory.xml.XmlBeanDefinitionReader]Loading XML bean definitions from class path resource [spring-mybatis.xml]
[INFO][2017-01-07 10:06|:04][org.springframework.context.support.GenericApplicationContext]Refreshing org.springframework.context.support.GenericApplicationContext@6130fa43: startup date [Sat Jan 07 10:06:04 CST 2017]; root of context hierarchy
[INFO][2017-01-07 10:06|:05][org.springframework.beans.factory.config.PropertyPlaceholderConfigurer]Loading properties file from URL [file:/F:/Workspaces/blog%20Maven%20Webapp/target/classes/jdbc.properties]
[INFO][2017-01-07 10:06|:05][org.springframework.beans.factory.annotation.AutowiredAnnotationBeanPostProcessor]JSR-330 'javax.inject.Inject' annotation found and supported for autowiring
[ERROR][2017-01-07 10:06|:05][com.alibaba.druid.pool.DruidAbstractDataSource]maxIdle is deprecated
[ERROR][2017-01-07 10:06|:06][com.alibaba.druid.pool.DruidDataSource]testWhileIdle is true, validationQuery not set
[INFO][2017-01-07 10:06|:06][com.alibaba.druid.pool.DruidDataSource]{dataSource-1} inited
[INFO][2017-01-07 10:06|:07][org.springframework.context.support.GenericApplicationContext]Closing org.springframework.context.support.GenericApplicationContext@6130fa43: startup date [Sat Jan 07 10:06:04 CST 2017]; root of context hierarchy
[INFO][2017-01-07 10:06|:07][com.alibaba.druid.pool.DruidDataSource]{dataSource-1} closed
[INFO][2017-01-07 10:08|:16][org.springframework.test.context.support.DefaultTestContextBootstrapper]Loaded default TestExecutionListener class names from location [META-INF/spring.factories]: [org.springframework.test.context.web.ServletTestExecutionListener, org.springframework.test.context.support.DirtiesContextBeforeModesTestExecutionListener, org.springframework.test.context.support.DependencyInjectionTestExecutionListener, org.springframework.test.context.support.DirtiesContextTestExecutionListener, org.springframework.test.context.transaction.TransactionalTestExecutionListener, org.springframework.test.context.jdbc.SqlScriptsTestExecutionListener]
[INFO][2017-01-07 10:08|:17][org.springframework.test.context.support.DefaultTestContextBootstrapper]Using TestExecutionListeners: [org.springframework.test.context.web.ServletTestExecutionListener@31c1fb39, org.springframework.test.context.support.DirtiesContextBeforeModesTestExecutionListener@365474b4, org.springframework.test.context.support.DependencyInjectionTestExecutionListener@62b9f149, org.springframework.test.context.support.DirtiesContextTestExecutionListener@1d902242, org.springframework.test.context.transaction.TransactionalTestExecutionListener@61b92a37, org.springframework.test.context.jdbc.SqlScriptsTestExecutionListener@4382b300]
[INFO][2017-01-07 10:08|:17][org.springframework.beans.factory.xml.XmlBeanDefinitionReader]Loading XML bean definitions from class path resource [spring-mybatis.xml]
[INFO][2017-01-07 10:08|:17][org.springframework.context.support.GenericApplicationContext]Refreshing org.springframework.context.support.GenericApplicationContext@3f625b8c: startup date [Sat Jan 07 10:08:17 CST 2017]; root of context hierarchy
[INFO][2017-01-07 10:08|:17][org.springframework.beans.factory.config.PropertyPlaceholderConfigurer]Loading properties file from URL [file:/F:/Workspaces/blog%20Maven%20Webapp/target/classes/jdbc.properties]
[INFO][2017-01-07 10:08|:17][org.springframework.beans.factory.annotation.AutowiredAnnotationBeanPostProcessor]JSR-330 'javax.inject.Inject' annotation found and supported for autowiring
[ERROR][2017-01-07 10:08|:18][com.alibaba.druid.pool.DruidAbstractDataSource]maxIdle is deprecated
[ERROR][2017-01-07 10:08|:19][com.alibaba.druid.pool.DruidDataSource]testWhileIdle is true, validationQuery not set
[INFO][2017-01-07 10:08|:19][com.alibaba.druid.pool.DruidDataSource]{dataSource-1} inited
[INFO][2017-01-07 10:08|:20][org.springframework.context.support.GenericApplicationContext]Closing org.springframework.context.support.GenericApplicationContext@3f625b8c: startup date [Sat Jan 07 10:08:17 CST 2017]; root of context hierarchy
[INFO][2017-01-07 10:08|:20][com.alibaba.druid.pool.DruidDataSource]{dataSource-1} closed
[INFO][2017-01-07 10:09|:50][org.springframework.test.context.support.DefaultTestContextBootstrapper]Loaded default TestExecutionListener class names from location [META-INF/spring.factories]: [org.springframework.test.context.web.ServletTestExecutionListener, org.springframework.test.context.support.DirtiesContextBeforeModesTestExecutionListener, org.springframework.test.context.support.DependencyInjectionTestExecutionListener, org.springframework.test.context.support.DirtiesContextTestExecutionListener, org.springframework.test.context.transaction.TransactionalTestExecutionListener, org.springframework.test.context.jdbc.SqlScriptsTestExecutionListener]
[INFO][2017-01-07 10:09|:50][org.springframework.test.context.support.DefaultTestContextBootstrapper]Using TestExecutionListeners: [org.springframework.test.context.web.ServletTestExecutionListener@231aaee1, org.springframework.test.context.support.DirtiesContextBeforeModesTestExecutionListener@2ccf47c8, org.springframework.test.context.support.DependencyInjectionTestExecutionListener@5c71b273, org.springframework.test.context.support.DirtiesContextTestExecutionListener@2c7acb6f, org.springframework.test.context.transaction.TransactionalTestExecutionListener@31c1fb39, org.springframework.test.context.jdbc.SqlScriptsTestExecutionListener@365474b4]
[INFO][2017-01-07 10:09|:50][org.springframework.beans.factory.xml.XmlBeanDefinitionReader]Loading XML bean definitions from class path resource [spring-mybatis.xml]
[INFO][2017-01-07 10:09|:50][org.springframework.context.support.GenericApplicationContext]Refreshing org.springframework.context.support.GenericApplicationContext@445fc010: startup date [Sat Jan 07 10:09:50 CST 2017]; root of context hierarchy
[INFO][2017-01-07 10:09|:51][org.springframework.beans.factory.config.PropertyPlaceholderConfigurer]Loading properties file from URL [file:/F:/Workspaces/blog%20Maven%20Webapp/target/classes/jdbc.properties]
[INFO][2017-01-07 10:09|:51][org.springframework.beans.factory.annotation.AutowiredAnnotationBeanPostProcessor]JSR-330 'javax.inject.Inject' annotation found and supported for autowiring
[ERROR][2017-01-07 10:09|:51][com.alibaba.druid.pool.DruidAbstractDataSource]maxIdle is deprecated
[ERROR][2017-01-07 10:09|:52][com.alibaba.druid.pool.DruidDataSource]testWhileIdle is true, validationQuery not set
[INFO][2017-01-07 10:09|:52][com.alibaba.druid.pool.DruidDataSource]{dataSource-1} inited
[INFO][2017-01-07 10:09|:53][org.springframework.context.support.GenericApplicationContext]Closing org.springframework.context.support.GenericApplicationContext@445fc010: startup date [Sat Jan 07 10:09:50 CST 2017]; root of context hierarchy
[INFO][2017-01-07 10:09|:53][com.alibaba.druid.pool.DruidDataSource]{dataSource-1} closed
[INFO][2017-01-07 10:17|:55][org.springframework.test.context.support.DefaultTestContextBootstrapper]Loaded default TestExecutionListener class names from location [META-INF/spring.factories]: [org.springframework.test.context.web.ServletTestExecutionListener, org.springframework.test.context.support.DirtiesContextBeforeModesTestExecutionListener, org.springframework.test.context.support.DependencyInjectionTestExecutionListener, org.springframework.test.context.support.DirtiesContextTestExecutionListener, org.springframework.test.context.transaction.TransactionalTestExecutionListener, org.springframework.test.context.jdbc.SqlScriptsTestExecutionListener]
[INFO][2017-01-07 10:17|:55][org.springframework.test.context.support.DefaultTestContextBootstrapper]Using TestExecutionListeners: [org.springframework.test.context.web.ServletTestExecutionListener@2c7acb6f, org.springframework.test.context.support.DirtiesContextBeforeModesTestExecutionListener@31c1fb39, org.springframework.test.context.support.DependencyInjectionTestExecutionListener@365474b4, org.springframework.test.context.support.DirtiesContextTestExecutionListener@62b9f149, org.springframework.test.context.transaction.TransactionalTestExecutionListener@1d902242, org.springframework.test.context.jdbc.SqlScriptsTestExecutionListener@61b92a37]
[INFO][2017-01-07 10:17|:55][org.springframework.beans.factory.xml.XmlBeanDefinitionReader]Loading XML bean definitions from class path resource [spring-mybatis.xml]
[INFO][2017-01-07 10:17|:55][org.springframework.context.support.GenericApplicationContext]Refreshing org.springframework.context.support.GenericApplicationContext@494e7ad5: startup date [Sat Jan 07 10:17:55 CST 2017]; root of context hierarchy
[INFO][2017-01-07 10:17|:56][org.springframework.beans.factory.config.PropertyPlaceholderConfigurer]Loading properties file from URL [file:/F:/Workspaces/blog%20Maven%20Webapp/target/classes/jdbc.properties]
[INFO][2017-01-07 10:17|:56][org.springframework.beans.factory.annotation.AutowiredAnnotationBeanPostProcessor]JSR-330 'javax.inject.Inject' annotation found and supported for autowiring
[ERROR][2017-01-07 10:17|:56][com.alibaba.druid.pool.DruidAbstractDataSource]maxIdle is deprecated
[ERROR][2017-01-07 10:17|:57][com.alibaba.druid.pool.DruidDataSource]testWhileIdle is true, validationQuery not set
[INFO][2017-01-07 10:17|:57][com.alibaba.druid.pool.DruidDataSource]{dataSource-1} inited
[INFO][2017-01-07 10:17|:58][org.springframework.context.support.GenericApplicationContext]Closing org.springframework.context.support.GenericApplicationContext@494e7ad5: startup date [Sat Jan 07 10:17:55 CST 2017]; root of context hierarchy
[INFO][2017-01-07 10:17|:58][com.alibaba.druid.pool.DruidDataSource]{dataSource-1} closed
[INFO][2017-01-07 10:19|:20][org.springframework.test.context.support.DefaultTestContextBootstrapper]Loaded default TestExecutionListener class names from location [META-INF/spring.factories]: [org.springframework.test.context.web.ServletTestExecutionListener, org.springframework.test.context.support.DirtiesContextBeforeModesTestExecutionListener, org.springframework.test.context.support.DependencyInjectionTestExecutionListener, org.springframework.test.context.support.DirtiesContextTestExecutionListener, org.springframework.test.context.transaction.TransactionalTestExecutionListener, org.springframework.test.context.jdbc.SqlScriptsTestExecutionListener]
[INFO][2017-01-07 10:19|:20][org.springframework.test.context.support.DefaultTestContextBootstrapper]Using TestExecutionListeners: [org.springframework.test.context.web.ServletTestExecutionListener@60cc831a, org.springframework.test.context.support.DirtiesContextBeforeModesTestExecutionListener@12b3519c, org.springframework.test.context.support.DependencyInjectionTestExecutionListener@3ab2e25b, org.springframework.test.context.support.DirtiesContextTestExecutionListener@362ae278, org.springframework.test.context.transaction.TransactionalTestExecutionListener@397a5010, org.springframework.test.context.jdbc.SqlScriptsTestExecutionListener@d1e67eb]
[INFO][2017-01-07 10:19|:20][org.springframework.beans.factory.xml.XmlBeanDefinitionReader]Loading XML bean definitions from class path resource [spring-mybatis.xml]
[INFO][2017-01-07 10:19|:21][org.springframework.context.support.GenericApplicationContext]Refreshing org.springframework.context.support.GenericApplicationContext@35a2b4ea: startup date [Sat Jan 07 10:19:21 CST 2017]; root of context hierarchy
[INFO][2017-01-07 10:19|:21][org.springframework.beans.factory.config.PropertyPlaceholderConfigurer]Loading properties file from URL [file:/F:/Workspaces/blog%20Maven%20Webapp/target/classes/jdbc.properties]
[INFO][2017-01-07 10:19|:21][org.springframework.beans.factory.annotation.AutowiredAnnotationBeanPostProcessor]JSR-330 'javax.inject.Inject' annotation found and supported for autowiring
[ERROR][2017-01-07 10:19|:21][com.alibaba.druid.pool.DruidAbstractDataSource]maxIdle is deprecated
[ERROR][2017-01-07 10:19|:22][com.alibaba.druid.pool.DruidDataSource]testWhileIdle is true, validationQuery not set
[INFO][2017-01-07 10:19|:22][com.alibaba.druid.pool.DruidDataSource]{dataSource-1} inited
[INFO][2017-01-07 10:19|:23][net.cxp.test.TestMyBatis][{"blogCount":1,"imageList":[],"releaseDateStr":"2017-01"},{"blogCount":2,"imageList":[],"releaseDateStr":"2016-12"}]
[INFO][2017-01-07 10:19|:23][org.springframework.context.support.GenericApplicationContext]Closing org.springframework.context.support.GenericApplicationContext@35a2b4ea: startup date [Sat Jan 07 10:19:21 CST 2017]; root of context hierarchy
[INFO][2017-01-07 10:19|:23][com.alibaba.druid.pool.DruidDataSource]{dataSource-1} closed
[INFO][2017-01-07 10:19|:59][org.springframework.test.context.support.DefaultTestContextBootstrapper]Loaded default TestExecutionListener class names from location [META-INF/spring.factories]: [org.springframework.test.context.web.ServletTestExecutionListener, org.springframework.test.context.support.DirtiesContextBeforeModesTestExecutionListener, org.springframework.test.context.support.DependencyInjectionTestExecutionListener, org.springframework.test.context.support.DirtiesContextTestExecutionListener, org.springframework.test.context.transaction.TransactionalTestExecutionListener, org.springframework.test.context.jdbc.SqlScriptsTestExecutionListener]
[INFO][2017-01-07 10:19|:59][org.springframework.test.context.support.DefaultTestContextBootstrapper]Using TestExecutionListeners: [org.springframework.test.context.web.ServletTestExecutionListener@47387c07, org.springframework.test.context.support.DirtiesContextBeforeModesTestExecutionListener@4d56d418, org.springframework.test.context.support.DependencyInjectionTestExecutionListener@7f7e9b52, org.springframework.test.context.support.DirtiesContextTestExecutionListener@510765e2, org.springframework.test.context.transaction.TransactionalTestExecutionListener@3cb201fd, org.springframework.test.context.jdbc.SqlScriptsTestExecutionListener@4aa0a82c]
[INFO][2017-01-07 10:20|:00][org.springframework.beans.factory.xml.XmlBeanDefinitionReader]Loading XML bean definitions from class path resource [spring-mybatis.xml]
[INFO][2017-01-07 10:20|:00][org.springframework.context.support.GenericApplicationContext]Refreshing org.springframework.context.support.GenericApplicationContext@566711b0: startup date [Sat Jan 07 10:20:00 CST 2017]; root of context hierarchy
[INFO][2017-01-07 10:20|:00][org.springframework.beans.factory.config.PropertyPlaceholderConfigurer]Loading properties file from URL [file:/F:/Workspaces/blog%20Maven%20Webapp/target/classes/jdbc.properties]
[INFO][2017-01-07 10:20|:00][org.springframework.beans.factory.annotation.AutowiredAnnotationBeanPostProcessor]JSR-330 'javax.inject.Inject' annotation found and supported for autowiring
[ERROR][2017-01-07 10:20|:01][com.alibaba.druid.pool.DruidAbstractDataSource]maxIdle is deprecated
[ERROR][2017-01-07 10:20|:02][com.alibaba.druid.pool.DruidDataSource]testWhileIdle is true, validationQuery not set
[INFO][2017-01-07 10:20|:02][com.alibaba.druid.pool.DruidDataSource]{dataSource-1} inited
[INFO][2017-01-07 10:20|:03][net.cxp.test.TestMyBatis][{"blogCount":1,"imageList":[],"releaseDateStr":"2017-01"},{"blogCount":2,"imageList":[],"releaseDateStr":"2016-12"}]
[INFO][2017-01-07 10:20|:03][org.springframework.context.support.GenericApplicationContext]Closing org.springframework.context.support.GenericApplicationContext@566711b0: startup date [Sat Jan 07 10:20:00 CST 2017]; root of context hierarchy
[INFO][2017-01-07 10:20|:03][com.alibaba.druid.pool.DruidDataSource]{dataSource-1} closed
[INFO][2017-01-07 10:20|:38][org.springframework.test.context.support.DefaultTestContextBootstrapper]Loaded default TestExecutionListener class names from location [META-INF/spring.factories]: [org.springframework.test.context.web.ServletTestExecutionListener, org.springframework.test.context.support.DirtiesContextBeforeModesTestExecutionListener, org.springframework.test.context.support.DependencyInjectionTestExecutionListener, org.springframework.test.context.support.DirtiesContextTestExecutionListener, org.springframework.test.context.transaction.TransactionalTestExecutionListener, org.springframework.test.context.jdbc.SqlScriptsTestExecutionListener]
[INFO][2017-01-07 10:20|:38][org.springframework.test.context.support.DefaultTestContextBootstrapper]Using TestExecutionListeners: [org.springframework.test.context.web.ServletTestExecutionListener@186b282d, org.springframework.test.context.support.DirtiesContextBeforeModesTestExecutionListener@231aaee1, org.springframework.test.context.support.DependencyInjectionTestExecutionListener@2ccf47c8, org.springframework.test.context.support.DirtiesContextTestExecutionListener@5c71b273, org.springframework.test.context.transaction.TransactionalTestExecutionListener@2c7acb6f, org.springframework.test.context.jdbc.SqlScriptsTestExecutionListener@31c1fb39]
[INFO][2017-01-07 10:20|:38][org.springframework.beans.factory.xml.XmlBeanDefinitionReader]Loading XML bean definitions from class path resource [spring-mybatis.xml]
[INFO][2017-01-07 10:20|:39][org.springframework.context.support.GenericApplicationContext]Refreshing org.springframework.context.support.GenericApplicationContext@9b6dce3: startup date [Sat Jan 07 10:20:39 CST 2017]; root of context hierarchy
[INFO][2017-01-07 10:20|:39][org.springframework.beans.factory.config.PropertyPlaceholderConfigurer]Loading properties file from URL [file:/F:/Workspaces/blog%20Maven%20Webapp/target/classes/jdbc.properties]
[INFO][2017-01-07 10:20|:39][org.springframework.beans.factory.annotation.AutowiredAnnotationBeanPostProcessor]JSR-330 'javax.inject.Inject' annotation found and supported for autowiring
[ERROR][2017-01-07 10:20|:39][com.alibaba.druid.pool.DruidAbstractDataSource]maxIdle is deprecated
[ERROR][2017-01-07 10:20|:41][com.alibaba.druid.pool.DruidDataSource]testWhileIdle is true, validationQuery not set
[INFO][2017-01-07 10:20|:41][com.alibaba.druid.pool.DruidDataSource]{dataSource-1} inited
[INFO][2017-01-07 10:20|:41][org.springframework.context.support.GenericApplicationContext]Closing org.springframework.context.support.GenericApplicationContext@9b6dce3: startup date [Sat Jan 07 10:20:39 CST 2017]; root of context hierarchy
[INFO][2017-01-07 10:20|:41][com.alibaba.druid.pool.DruidDataSource]{dataSource-1} closed
[INFO][2017-01-07 10:22|:38][org.springframework.test.context.support.DefaultTestContextBootstrapper]Loaded default TestExecutionListener class names from location [META-INF/spring.factories]: [org.springframework.test.context.web.ServletTestExecutionListener, org.springframework.test.context.support.DirtiesContextBeforeModesTestExecutionListener, org.springframework.test.context.support.DependencyInjectionTestExecutionListener, org.springframework.test.context.support.DirtiesContextTestExecutionListener, org.springframework.test.context.transaction.TransactionalTestExecutionListener, org.springframework.test.context.jdbc.SqlScriptsTestExecutionListener]
[INFO][2017-01-07 10:22|:38][org.springframework.test.context.support.DefaultTestContextBootstrapper]Using TestExecutionListeners: [org.springframework.test.context.web.ServletTestExecutionListener@77fb58b6, org.springframework.test.context.support.DirtiesContextBeforeModesTestExecutionListener@167d5244, org.springframework.test.context.support.DependencyInjectionTestExecutionListener@7da3f9e4, org.springframework.test.context.support.DirtiesContextTestExecutionListener@186b282d, org.springframework.test.context.transaction.TransactionalTestExecutionListener@231aaee1, org.springframework.test.context.jdbc.SqlScriptsTestExecutionListener@2ccf47c8]
[INFO][2017-01-07 10:22|:39][org.springframework.beans.factory.xml.XmlBeanDefinitionReader]Loading XML bean definitions from class path resource [spring-mybatis.xml]
[INFO][2017-01-07 10:22|:39][org.springframework.context.support.GenericApplicationContext]Refreshing org.springframework.context.support.GenericApplicationContext@567e768e: startup date [Sat Jan 07 10:22:39 CST 2017]; root of context hierarchy
[INFO][2017-01-07 10:22|:39][org.springframework.beans.factory.config.PropertyPlaceholderConfigurer]Loading properties file from URL [file:/F:/Workspaces/blog%20Maven%20Webapp/target/classes/jdbc.properties]
[INFO][2017-01-07 10:22|:39][org.springframework.beans.factory.annotation.AutowiredAnnotationBeanPostProcessor]JSR-330 'javax.inject.Inject' annotation found and supported for autowiring
[ERROR][2017-01-07 10:22|:40][com.alibaba.druid.pool.DruidAbstractDataSource]maxIdle is deprecated
[ERROR][2017-01-07 10:22|:41][com.alibaba.druid.pool.DruidDataSource]testWhileIdle is true, validationQuery not set
[INFO][2017-01-07 10:22|:41][com.alibaba.druid.pool.DruidDataSource]{dataSource-1} inited
[INFO][2017-01-07 10:22|:42][org.springframework.context.support.GenericApplicationContext]Closing org.springframework.context.support.GenericApplicationContext@567e768e: startup date [Sat Jan 07 10:22:39 CST 2017]; root of context hierarchy
[INFO][2017-01-07 10:22|:42][com.alibaba.druid.pool.DruidDataSource]{dataSource-1} closed
[INFO][2017-01-07 10:31|:38][org.springframework.test.context.support.DefaultTestContextBootstrapper]Loaded default TestExecutionListener class names from location [META-INF/spring.factories]: [org.springframework.test.context.web.ServletTestExecutionListener, org.springframework.test.context.support.DirtiesContextBeforeModesTestExecutionListener, org.springframework.test.context.support.DependencyInjectionTestExecutionListener, org.springframework.test.context.support.DirtiesContextTestExecutionListener, org.springframework.test.context.transaction.TransactionalTestExecutionListener, org.springframework.test.context.jdbc.SqlScriptsTestExecutionListener]
[INFO][2017-01-07 10:31|:38][org.springframework.test.context.support.DefaultTestContextBootstrapper]Using TestExecutionListeners: [org.springframework.test.context.web.ServletTestExecutionListener@39b5e7a0, org.springframework.test.context.support.DirtiesContextBeforeModesTestExecutionListener@5579d6f9, org.springframework.test.context.support.DependencyInjectionTestExecutionListener@3210a146, org.springframework.test.context.support.DirtiesContextTestExecutionListener@61cc1457, org.springframework.test.context.transaction.TransactionalTestExecutionListener@1d4b8dea, org.springframework.test.context.jdbc.SqlScriptsTestExecutionListener@4b520cac]
[INFO][2017-01-07 10:31|:38][org.springframework.beans.factory.xml.XmlBeanDefinitionReader]Loading XML bean definitions from class path resource [spring-mybatis.xml]
[INFO][2017-01-07 10:31|:38][org.springframework.context.support.GenericApplicationContext]Refreshing org.springframework.context.support.GenericApplicationContext@49f5a659: startup date [Sat Jan 07 10:31:38 CST 2017]; root of context hierarchy
[INFO][2017-01-07 10:31|:39][org.springframework.beans.factory.config.PropertyPlaceholderConfigurer]Loading properties file from URL [file:/F:/Workspaces/blog%20Maven%20Webapp/target/classes/jdbc.properties]
[INFO][2017-01-07 10:31|:39][org.springframework.beans.factory.annotation.AutowiredAnnotationBeanPostProcessor]JSR-330 'javax.inject.Inject' annotation found and supported for autowiring
[ERROR][2017-01-07 10:31|:39][com.alibaba.druid.pool.DruidAbstractDataSource]maxIdle is deprecated
[ERROR][2017-01-07 10:31|:40][com.alibaba.druid.pool.DruidDataSource]testWhileIdle is true, validationQuery not set
[INFO][2017-01-07 10:31|:40][com.alibaba.druid.pool.DruidDataSource]{dataSource-1} inited
[INFO][2017-01-07 10:31|:41][org.springframework.context.support.GenericApplicationContext]Closing org.springframework.context.support.GenericApplicationContext@49f5a659: startup date [Sat Jan 07 10:31:38 CST 2017]; root of context hierarchy
[INFO][2017-01-07 10:31|:41][com.alibaba.druid.pool.DruidDataSource]{dataSource-1} closed
[INFO][2017-01-07 10:32|:05][org.springframework.test.context.support.DefaultTestContextBootstrapper]Loaded default TestExecutionListener class names from location [META-INF/spring.factories]: [org.springframework.test.context.web.ServletTestExecutionListener, org.springframework.test.context.support.DirtiesContextBeforeModesTestExecutionListener, org.springframework.test.context.support.DependencyInjectionTestExecutionListener, org.springframework.test.context.support.DirtiesContextTestExecutionListener, org.springframework.test.context.transaction.TransactionalTestExecutionListener, org.springframework.test.context.jdbc.SqlScriptsTestExecutionListener]
[INFO][2017-01-07 10:32|:05][org.springframework.test.context.support.DefaultTestContextBootstrapper]Using TestExecutionListeners: [org.springframework.test.context.web.ServletTestExecutionListener@2ccf47c8, org.springframework.test.context.support.DirtiesContextBeforeModesTestExecutionListener@5c71b273, org.springframework.test.context.support.DependencyInjectionTestExecutionListener@2c7acb6f, org.springframework.test.context.support.DirtiesContextTestExecutionListener@31c1fb39, org.springframework.test.context.transaction.TransactionalTestExecutionListener@365474b4, org.springframework.test.context.jdbc.SqlScriptsTestExecutionListener@62b9f149]
[INFO][2017-01-07 10:32|:05][org.springframework.beans.factory.xml.XmlBeanDefinitionReader]Loading XML bean definitions from class path resource [spring-mybatis.xml]
[INFO][2017-01-07 10:32|:06][org.springframework.context.support.GenericApplicationContext]Refreshing org.springframework.context.support.GenericApplicationContext@6a3a7d81: startup date [Sat Jan 07 10:32:06 CST 2017]; root of context hierarchy
[INFO][2017-01-07 10:32|:06][org.springframework.beans.factory.config.PropertyPlaceholderConfigurer]Loading properties file from URL [file:/F:/Workspaces/blog%20Maven%20Webapp/target/classes/jdbc.properties]
[INFO][2017-01-07 10:32|:06][org.springframework.beans.factory.annotation.AutowiredAnnotationBeanPostProcessor]JSR-330 'javax.inject.Inject' annotation found and supported for autowiring
[ERROR][2017-01-07 10:32|:07][com.alibaba.druid.pool.DruidAbstractDataSource]maxIdle is deprecated
[ERROR][2017-01-07 10:32|:08][com.alibaba.druid.pool.DruidDataSource]testWhileIdle is true, validationQuery not set
[INFO][2017-01-07 10:32|:08][com.alibaba.druid.pool.DruidDataSource]{dataSource-1} inited
[INFO][2017-01-07 10:32|:10][org.springframework.context.support.GenericApplicationContext]Closing org.springframework.context.support.GenericApplicationContext@6a3a7d81: startup date [Sat Jan 07 10:32:06 CST 2017]; root of context hierarchy
[INFO][2017-01-07 10:32|:10][com.alibaba.druid.pool.DruidDataSource]{dataSource-1} closed
[INFO][2017-01-07 10:32|:42][org.springframework.test.context.support.DefaultTestContextBootstrapper]Loaded default TestExecutionListener class names from location [META-INF/spring.factories]: [org.springframework.test.context.web.ServletTestExecutionListener, org.springframework.test.context.support.DirtiesContextBeforeModesTestExecutionListener, org.springframework.test.context.support.DependencyInjectionTestExecutionListener, org.springframework.test.context.support.DirtiesContextTestExecutionListener, org.springframework.test.context.transaction.TransactionalTestExecutionListener, org.springframework.test.context.jdbc.SqlScriptsTestExecutionListener]
[INFO][2017-01-07 10:32|:42][org.springframework.test.context.support.DefaultTestContextBootstrapper]Using TestExecutionListeners: [org.springframework.test.context.web.ServletTestExecutionListener@365474b4, org.springframework.test.context.support.DirtiesContextBeforeModesTestExecutionListener@62b9f149, org.springframework.test.context.support.DependencyInjectionTestExecutionListener@1d902242, org.springframework.test.context.support.DirtiesContextTestExecutionListener@61b92a37, org.springframework.test.context.transaction.TransactionalTestExecutionListener@4382b300, org.springframework.test.context.jdbc.SqlScriptsTestExecutionListener@39b5e7a0]
[INFO][2017-01-07 10:32|:42][org.springframework.beans.factory.xml.XmlBeanDefinitionReader]Loading XML bean definitions from class path resource [spring-mybatis.xml]
[INFO][2017-01-07 10:32|:43][org.springframework.context.support.GenericApplicationContext]Refreshing org.springframework.context.support.GenericApplicationContext@526864d6: startup date [Sat Jan 07 10:32:43 CST 2017]; root of context hierarchy
[INFO][2017-01-07 10:32|:43][org.springframework.beans.factory.config.PropertyPlaceholderConfigurer]Loading properties file from URL [file:/F:/Workspaces/blog%20Maven%20Webapp/target/classes/jdbc.properties]
[INFO][2017-01-07 10:32|:43][org.springframework.beans.factory.annotation.AutowiredAnnotationBeanPostProcessor]JSR-330 'javax.inject.Inject' annotation found and supported for autowiring
[ERROR][2017-01-07 10:32|:43][com.alibaba.druid.pool.DruidAbstractDataSource]maxIdle is deprecated
[ERROR][2017-01-07 10:32|:45][com.alibaba.druid.pool.DruidDataSource]testWhileIdle is true, validationQuery not set
[INFO][2017-01-07 10:32|:45][com.alibaba.druid.pool.DruidDataSource]{dataSource-1} inited
[INFO][2017-01-07 10:32|:46][org.springframework.context.support.GenericApplicationContext]Closing org.springframework.context.support.GenericApplicationContext@526864d6: startup date [Sat Jan 07 10:32:43 CST 2017]; root of context hierarchy
[INFO][2017-01-07 10:32|:46][com.alibaba.druid.pool.DruidDataSource]{dataSource-1} closed
[INFO][2017-01-07 10:35|:21][org.springframework.test.context.support.DefaultTestContextBootstrapper]Loaded default TestExecutionListener class names from location [META-INF/spring.factories]: [org.springframework.test.context.web.ServletTestExecutionListener, org.springframework.test.context.support.DirtiesContextBeforeModesTestExecutionListener, org.springframework.test.context.support.DependencyInjectionTestExecutionListener, org.springframework.test.context.support.DirtiesContextTestExecutionListener, org.springframework.test.context.transaction.TransactionalTestExecutionListener, org.springframework.test.context.jdbc.SqlScriptsTestExecutionListener]
[INFO][2017-01-07 10:35|:21][org.springframework.test.context.support.DefaultTestContextBootstrapper]Using TestExecutionListeners: [org.springframework.test.context.web.ServletTestExecutionListener@2ccf47c8, org.springframework.test.context.support.DirtiesContextBeforeModesTestExecutionListener@5c71b273, org.springframework.test.context.support.DependencyInjectionTestExecutionListener@2c7acb6f, org.springframework.test.context.support.DirtiesContextTestExecutionListener@31c1fb39, org.springframework.test.context.transaction.TransactionalTestExecutionListener@365474b4, org.springframework.test.context.jdbc.SqlScriptsTestExecutionListener@62b9f149]
[INFO][2017-01-07 10:35|:21][org.springframework.beans.factory.xml.XmlBeanDefinitionReader]Loading XML bean definitions from class path resource [spring-mybatis.xml]
[INFO][2017-01-07 10:35|:21][org.springframework.context.support.GenericApplicationContext]Refreshing org.springframework.context.support.GenericApplicationContext@6a3a7d81: startup date [Sat Jan 07 10:35:21 CST 2017]; root of context hierarchy
[INFO][2017-01-07 10:35|:22][org.springframework.beans.factory.config.PropertyPlaceholderConfigurer]Loading properties file from URL [file:/F:/Workspaces/blog%20Maven%20Webapp/target/classes/jdbc.properties]
[INFO][2017-01-07 10:35|:22][org.springframework.beans.factory.annotation.AutowiredAnnotationBeanPostProcessor]JSR-330 'javax.inject.Inject' annotation found and supported for autowiring
[ERROR][2017-01-07 10:35|:22][com.alibaba.druid.pool.DruidAbstractDataSource]maxIdle is deprecated
[ERROR][2017-01-07 10:35|:23][com.alibaba.druid.pool.DruidDataSource]testWhileIdle is true, validationQuery not set
[INFO][2017-01-07 10:35|:23][com.alibaba.druid.pool.DruidDataSource]{dataSource-1} inited
[INFO][2017-01-07 10:35|:26][org.springframework.context.support.GenericApplicationContext]Closing org.springframework.context.support.GenericApplicationContext@6a3a7d81: startup date [Sat Jan 07 10:35:21 CST 2017]; root of context hierarchy
[INFO][2017-01-07 10:35|:26][com.alibaba.druid.pool.DruidDataSource]{dataSource-1} closed
[INFO][2017-01-07 10:36|:06][org.springframework.test.context.support.DefaultTestContextBootstrapper]Loaded default TestExecutionListener class names from location [META-INF/spring.factories]: [org.springframework.test.context.web.ServletTestExecutionListener, org.springframework.test.context.support.DirtiesContextBeforeModesTestExecutionListener, org.springframework.test.context.support.DependencyInjectionTestExecutionListener, org.springframework.test.context.support.DirtiesContextTestExecutionListener, org.springframework.test.context.transaction.TransactionalTestExecutionListener, org.springframework.test.context.jdbc.SqlScriptsTestExecutionListener]
[INFO][2017-01-07 10:36|:06][org.springframework.test.context.support.DefaultTestContextBootstrapper]Using TestExecutionListeners: [org.springframework.test.context.web.ServletTestExecutionListener@231aaee1, org.springframework.test.context.support.DirtiesContextBeforeModesTestExecutionListener@2ccf47c8, org.springframework.test.context.support.DependencyInjectionTestExecutionListener@5c71b273, org.springframework.test.context.support.DirtiesContextTestExecutionListener@2c7acb6f, org.springframework.test.context.transaction.TransactionalTestExecutionListener@31c1fb39, org.springframework.test.context.jdbc.SqlScriptsTestExecutionListener@365474b4]
[INFO][2017-01-07 10:36|:06][org.springframework.beans.factory.xml.XmlBeanDefinitionReader]Loading XML bean definitions from class path resource [spring-mybatis.xml]
[INFO][2017-01-07 10:36|:07][org.springframework.context.support.GenericApplicationContext]Refreshing org.springframework.context.support.GenericApplicationContext@445fc010: startup date [Sat Jan 07 10:36:07 CST 2017]; root of context hierarchy
[INFO][2017-01-07 10:36|:07][org.springframework.beans.factory.config.PropertyPlaceholderConfigurer]Loading properties file from URL [file:/F:/Workspaces/blog%20Maven%20Webapp/target/classes/jdbc.properties]
[INFO][2017-01-07 10:36|:07][org.springframework.beans.factory.annotation.AutowiredAnnotationBeanPostProcessor]JSR-330 'javax.inject.Inject' annotation found and supported for autowiring
[ERROR][2017-01-07 10:36|:07][com.alibaba.druid.pool.DruidAbstractDataSource]maxIdle is deprecated
[ERROR][2017-01-07 10:36|:09][com.alibaba.druid.pool.DruidDataSource]testWhileIdle is true, validationQuery not set
[INFO][2017-01-07 10:36|:09][com.alibaba.druid.pool.DruidDataSource]{dataSource-1} inited
[INFO][2017-01-07 10:36|:11][org.springframework.context.support.GenericApplicationContext]Closing org.springframework.context.support.GenericApplicationContext@445fc010: startup date [Sat Jan 07 10:36:07 CST 2017]; root of context hierarchy
[INFO][2017-01-07 10:36|:11][com.alibaba.druid.pool.DruidDataSource]{dataSource-1} closed
[INFO][2017-01-07 10:52|:36][org.springframework.test.context.support.DefaultTestContextBootstrapper]Loaded default TestExecutionListener class names from location [META-INF/spring.factories]: [org.springframework.test.context.web.ServletTestExecutionListener, org.springframework.test.context.support.DirtiesContextBeforeModesTestExecutionListener, org.springframework.test.context.support.DependencyInjectionTestExecutionListener, org.springframework.test.context.support.DirtiesContextTestExecutionListener, org.springframework.test.context.transaction.TransactionalTestExecutionListener, org.springframework.test.context.jdbc.SqlScriptsTestExecutionListener]
[INFO][2017-01-07 10:52|:36][org.springframework.test.context.support.DefaultTestContextBootstrapper]Using TestExecutionListeners: [org.springframework.test.context.web.ServletTestExecutionListener@2ccf47c8, org.springframework.test.context.support.DirtiesContextBeforeModesTestExecutionListener@5c71b273, org.springframework.test.context.support.DependencyInjectionTestExecutionListener@2c7acb6f, org.springframework.test.context.support.DirtiesContextTestExecutionListener@31c1fb39, org.springframework.test.context.transaction.TransactionalTestExecutionListener@365474b4, org.springframework.test.context.jdbc.SqlScriptsTestExecutionListener@62b9f149]
[INFO][2017-01-07 10:52|:36][org.springframework.beans.factory.xml.XmlBeanDefinitionReader]Loading XML bean definitions from class path resource [spring-mybatis.xml]
[INFO][2017-01-07 10:52|:37][org.springframework.context.support.GenericApplicationContext]Refreshing org.springframework.context.support.GenericApplicationContext@6a3a7d81: startup date [Sat Jan 07 10:52:37 CST 2017]; root of context hierarchy
[INFO][2017-01-07 10:52|:37][org.springframework.beans.factory.config.PropertyPlaceholderConfigurer]Loading properties file from URL [file:/F:/Workspaces/blog%20Maven%20Webapp/target/classes/jdbc.properties]
[INFO][2017-01-07 10:52|:37][org.springframework.beans.factory.annotation.AutowiredAnnotationBeanPostProcessor]JSR-330 'javax.inject.Inject' annotation found and supported for autowiring
[ERROR][2017-01-07 10:52|:37][com.alibaba.druid.pool.DruidAbstractDataSource]maxIdle is deprecated
[ERROR][2017-01-07 10:52|:39][com.alibaba.druid.pool.DruidDataSource]testWhileIdle is true, validationQuery not set
[INFO][2017-01-07 10:52|:39][com.alibaba.druid.pool.DruidDataSource]{dataSource-1} inited
[INFO][2017-01-07 10:52|:39][org.springframework.context.support.GenericApplicationContext]Closing org.springframework.context.support.GenericApplicationContext@6a3a7d81: startup date [Sat Jan 07 10:52:37 CST 2017]; root of context hierarchy
[INFO][2017-01-07 10:52|:40][com.alibaba.druid.pool.DruidDataSource]{dataSource-1} closed
[INFO][2017-01-07 10:54|:11][org.springframework.test.context.support.DefaultTestContextBootstrapper]Loaded default TestExecutionListener class names from location [META-INF/spring.factories]: [org.springframework.test.context.web.ServletTestExecutionListener, org.springframework.test.context.support.DirtiesContextBeforeModesTestExecutionListener, org.springframework.test.context.support.DependencyInjectionTestExecutionListener, org.springframework.test.context.support.DirtiesContextTestExecutionListener, org.springframework.test.context.transaction.TransactionalTestExecutionListener, org.springframework.test.context.jdbc.SqlScriptsTestExecutionListener]
[INFO][2017-01-07 10:54|:11][org.springframework.test.context.support.DefaultTestContextBootstrapper]Using TestExecutionListeners: [org.springframework.test.context.web.ServletTestExecutionListener@47387c07, org.springframework.test.context.support.DirtiesContextBeforeModesTestExecutionListener@4d56d418, org.springframework.test.context.support.DependencyInjectionTestExecutionListener@7f7e9b52, org.springframework.test.context.support.DirtiesContextTestExecutionListener@510765e2, org.springframework.test.context.transaction.TransactionalTestExecutionListener@3cb201fd, org.springframework.test.context.jdbc.SqlScriptsTestExecutionListener@4aa0a82c]
[INFO][2017-01-07 10:54|:11][org.springframework.beans.factory.xml.XmlBeanDefinitionReader]Loading XML bean definitions from class path resource [spring-mybatis.xml]
[INFO][2017-01-07 10:54|:11][org.springframework.context.support.GenericApplicationContext]Refreshing org.springframework.context.support.GenericApplicationContext@566711b0: startup date [Sat Jan 07 10:54:11 CST 2017]; root of context hierarchy
[INFO][2017-01-07 10:54|:11][org.springframework.beans.factory.config.PropertyPlaceholderConfigurer]Loading properties file from URL [file:/F:/Workspaces/blog%20Maven%20Webapp/target/classes/jdbc.properties]
[INFO][2017-01-07 10:54|:11][org.springframework.beans.factory.annotation.AutowiredAnnotationBeanPostProcessor]JSR-330 'javax.inject.Inject' annotation found and supported for autowiring
[ERROR][2017-01-07 10:54|:12][com.alibaba.druid.pool.DruidAbstractDataSource]maxIdle is deprecated
[ERROR][2017-01-07 10:54|:13][com.alibaba.druid.pool.DruidDataSource]testWhileIdle is true, validationQuery not set
[INFO][2017-01-07 10:54|:13][com.alibaba.druid.pool.DruidDataSource]{dataSource-1} inited
[INFO][2017-01-07 10:54|:14][net.cxp.test.TestMyBatis][{"blogCount":1,"imageList":[],"releaseDateStr":"2017-01"},{"blogCount":2,"imageList":[],"releaseDateStr":"2016-12"}]
[INFO][2017-01-07 10:54|:14][org.springframework.context.support.GenericApplicationContext]Closing org.springframework.context.support.GenericApplicationContext@566711b0: startup date [Sat Jan 07 10:54:11 CST 2017]; root of context hierarchy
[INFO][2017-01-07 10:54|:14][com.alibaba.druid.pool.DruidDataSource]{dataSource-1} closed
[INFO][2017-01-07 10:55|:55][org.springframework.test.context.support.DefaultTestContextBootstrapper]Loaded default TestExecutionListener class names from location [META-INF/spring.factories]: [org.springframework.test.context.web.ServletTestExecutionListener, org.springframework.test.context.support.DirtiesContextBeforeModesTestExecutionListener, org.springframework.test.context.support.DependencyInjectionTestExecutionListener, org.springframework.test.context.support.DirtiesContextTestExecutionListener, org.springframework.test.context.transaction.TransactionalTestExecutionListener, org.springframework.test.context.jdbc.SqlScriptsTestExecutionListener]
[INFO][2017-01-07 10:55|:55][org.springframework.test.context.support.DefaultTestContextBootstrapper]Using TestExecutionListeners: [org.springframework.test.context.web.ServletTestExecutionListener@7da3f9e4, org.springframework.test.context.support.DirtiesContextBeforeModesTestExecutionListener@186b282d, org.springframework.test.context.support.DependencyInjectionTestExecutionListener@231aaee1, org.springframework.test.context.support.DirtiesContextTestExecutionListener@2ccf47c8, org.springframework.test.context.transaction.TransactionalTestExecutionListener@5c71b273, org.springframework.test.context.jdbc.SqlScriptsTestExecutionListener@2c7acb6f]
[INFO][2017-01-07 10:55|:55][org.springframework.beans.factory.xml.XmlBeanDefinitionReader]Loading XML bean definitions from class path resource [spring-mybatis.xml]
[INFO][2017-01-07 10:55|:56][org.springframework.context.support.GenericApplicationContext]Refreshing org.springframework.context.support.GenericApplicationContext@19fe59c2: startup date [Sat Jan 07 10:55:56 CST 2017]; root of context hierarchy
[INFO][2017-01-07 10:55|:56][org.springframework.beans.factory.config.PropertyPlaceholderConfigurer]Loading properties file from URL [file:/F:/Workspaces/blog%20Maven%20Webapp/target/classes/jdbc.properties]
[INFO][2017-01-07 10:55|:56][org.springframework.beans.factory.annotation.AutowiredAnnotationBeanPostProcessor]JSR-330 'javax.inject.Inject' annotation found and supported for autowiring
[ERROR][2017-01-07 10:55|:56][com.alibaba.druid.pool.DruidAbstractDataSource]maxIdle is deprecated
[ERROR][2017-01-07 10:55|:58][com.alibaba.druid.pool.DruidDataSource]testWhileIdle is true, validationQuery not set
[INFO][2017-01-07 10:55|:58][com.alibaba.druid.pool.DruidDataSource]{dataSource-1} inited
[INFO][2017-01-07 10:56|:00][org.springframework.context.support.GenericApplicationContext]Closing org.springframework.context.support.GenericApplicationContext@19fe59c2: startup date [Sat Jan 07 10:55:56 CST 2017]; root of context hierarchy
[INFO][2017-01-07 10:56|:00][com.alibaba.druid.pool.DruidDataSource]{dataSource-1} closed
